2018-12-26 10:34:21.997  INFO 9044 --- [main] cn.northpark.NpMqApplication             : Starting NpMqApplication on tkamcw-zhangyang with PID 9044 (D:\workspace\np-mq\target\classes started by w_zhangyang in D:\workspace\np-mq)
2018-12-26 10:34:22.000  INFO 9044 --- [main] cn.northpark.NpMqApplication             : No active profile set, falling back to default profiles: default
2018-12-26 10:34:22.544  INFO 9044 --- [main] .s.d.r.c.RepositoryConfigurationDelegate : Bootstrapping Spring Data repositories in DEFAULT mode.
2018-12-26 10:34:22.560  INFO 9044 --- [main] .s.d.r.c.RepositoryConfigurationDelegate : Finished Spring Data repository scanning in 9ms. Found 0 repository interfaces.
2018-12-26 10:34:22.794  INFO 9044 --- [main] trationDelegate$BeanPostProcessorChecker : Bean 'org.springframework.amqp.rabbit.annotation.RabbitBootstrapConfiguration' of type [org.springframework.amqp.rabbit.annotation.RabbitBootstrapConfiguration$$EnhancerBySpringCGLIB$$97df8afc] is not eligible for getting processed by all BeanPostProcessors (for example: not eligible for auto-proxying)
2018-12-26 10:34:22.868  INFO 9044 --- [main] trationDelegate$BeanPostProcessorChecker : Bean 'org.springframework.transaction.annotation.ProxyTransactionManagementConfiguration' of type [org.springframework.transaction.annotation.ProxyTransactionManagementConfiguration$$EnhancerBySpringCGLIB$$d173ccce] is not eligible for getting processed by all BeanPostProcessors (for example: not eligible for auto-proxying)
2018-12-26 10:34:23.158  INFO 9044 --- [main] o.s.b.w.embedded.tomcat.TomcatWebServer  : Tomcat initialized with port(s): 4000 (http)
2018-12-26 10:34:23.175  INFO 9044 --- [main] o.apache.catalina.core.StandardService   : Starting service [Tomcat]
2018-12-26 10:34:23.176  INFO 9044 --- [main] org.apache.catalina.core.StandardEngine  : Starting Servlet Engine: Apache Tomcat/9.0.13
2018-12-26 10:34:23.181  INFO 9044 --- [main] o.a.catalina.core.AprLifecycleListener   : The APR based Apache Tomcat Native library which allows optimal performance in production environments was not found on the java.library.path: [C:\Program Files\Java\jre1.8.0_162\bin;C:\WINDOWS\Sun\Java\bin;C:\WINDOWS\system32;C:\WINDOWS;C:/Program Files/Java/jre1.8.0_162/bin/server;C:/Program Files/Java/jre1.8.0_162/bin;C:/Program Files/Java/jre1.8.0_162/lib/amd64;%SystemRoot%\system32\WBEM;C:\WINDOWS\system32\WBEM;C:\WINDOWS\system32\WBEM;C:\WINDOWS\system32\WBEM;C:\WINDOWS\system32\WBEM;C:\ProgramData\Oracle\Java\javapath;C:\WINDOWS\system32;C:\WINDOWS;C:\WINDOWS\System32\Wbem;C:\WINDOWS\System32\WindowsPowerShell\v1.0\;C:\Program Files\Java\jdk1.8.0_162_x64\bin;D:\maven-3.3.9\bin;C:\Program Files\TortoiseSVN\bin;C:\Program Files\Git\cmd;C:\Program Files\nodejs\;C:\Program Files (x86)\Common Files\Thunder Network\KanKan\Codecs;C:\Users\w_zhangyang\AppData\Roaming\npm;C:\Users\w_zhangyang\AppData\Local\Microsoft\WindowsApps;C:\adb;D:\gradle-4.7\bin;D:\效率\mactype-2017-628-portable;E:\qshell-v2.2.0;C:\Users\w_zhangyang\AppData\Local\Programs\EmEditor;C:\Users\w_zhangyang\AppData\Roaming\npm;C:\Users\w_zhangyang\AppData\Local\Microsoft\WindowsApps;;C:\Users\w_zhangyang\AppData\Local\Programs\EmEditor;E:\SpringTools\sts-bundle\sts-3.9.4.RELEASE;;.]
2018-12-26 10:34:23.339  INFO 9044 --- [main] o.a.c.c.C.[Tomcat].[localhost].[/]       : Initializing Spring embedded WebApplicationContext
2018-12-26 10:34:23.339  INFO 9044 --- [main] o.s.web.context.ContextLoader            : Root WebApplicationContext: initialization completed in 1310 ms
2018-12-26 10:34:23.406  WARN 9044 --- [main] ConfigServletWebServerApplicationContext : Exception encountered during context initialization - cancelling refresh attempt: org.springframework.beans.factory.UnsatisfiedDependencyException: Error creating bean with name 'org.springframework.boot.autoconfigure.orm.jpa.HibernateJpaConfiguration': Unsatisfied dependency expressed through constructor parameter 0; nested exception is org.springframework.beans.factory.UnsatisfiedDependencyException: Error creating bean with name 'dataSource' defined in class path resource [org/springframework/boot/autoconfigure/jdbc/DataSourceConfiguration$Generic.class]: Unsatisfied dependency expressed through method 'dataSource' parameter 0; nested exception is org.springframework.boot.context.properties.ConfigurationPropertiesBindException: Error creating bean with name 'spring.datasource-org.springframework.boot.autoconfigure.jdbc.DataSourceProperties': Could not bind properties to 'DataSourceProperties' : prefix=spring.datasource, ignoreInvalidFields=false, ignoreUnknownFields=true; nested exception is org.springframework.boot.context.properties.bind.BindException: Failed to bind properties under 'spring.datasource.type' to java.lang.Class<javax.sql.DataSource>
2018-12-26 10:34:23.410  INFO 9044 --- [main] o.apache.catalina.core.StandardService   : Stopping service [Tomcat]
2018-12-26 10:34:23.423  INFO 9044 --- [main] ConditionEvaluationReportLoggingListener : 

Error starting ApplicationContext. To display the conditions report re-run your application with 'debug' enabled.
2018-12-26 10:34:23.428 ERROR 9044 --- [main] o.s.b.d.LoggingFailureAnalysisReporter   : 

***************************
APPLICATION FAILED TO START
***************************

Description:

Failed to bind properties under 'spring.datasource.type' to java.lang.Class<javax.sql.DataSource>:

    Property: spring.datasource.type
    Value: com.alibaba.druid.pool.DruidDataSource
    Origin: class path resource [application.yml]:14:11
    Reason: No converter found capable of converting from type [java.lang.String] to type [java.lang.Class<javax.sql.DataSource>]

Action:

Update your application's configuration

2018-12-26 10:36:55.266  INFO 9156 --- [main] cn.northpark.NpMqApplication             : Starting NpMqApplication on tkamcw-zhangyang with PID 9156 (D:\workspace\np-mq\target\classes started by w_zhangyang in D:\workspace\np-mq)
2018-12-26 10:36:55.269  INFO 9156 --- [main] cn.northpark.NpMqApplication             : No active profile set, falling back to default profiles: default
2018-12-26 10:36:55.894  INFO 9156 --- [main] .s.d.r.c.RepositoryConfigurationDelegate : Bootstrapping Spring Data repositories in DEFAULT mode.
2018-12-26 10:36:55.909  INFO 9156 --- [main] .s.d.r.c.RepositoryConfigurationDelegate : Finished Spring Data repository scanning in 10ms. Found 0 repository interfaces.
2018-12-26 10:36:56.127  INFO 9156 --- [main] trationDelegate$BeanPostProcessorChecker : Bean 'org.springframework.amqp.rabbit.annotation.RabbitBootstrapConfiguration' of type [org.springframework.amqp.rabbit.annotation.RabbitBootstrapConfiguration$$EnhancerBySpringCGLIB$$f51ac03a] is not eligible for getting processed by all BeanPostProcessors (for example: not eligible for auto-proxying)
2018-12-26 10:36:56.181  INFO 9156 --- [main] trationDelegate$BeanPostProcessorChecker : Bean 'org.springframework.transaction.annotation.ProxyTransactionManagementConfiguration' of type [org.springframework.transaction.annotation.ProxyTransactionManagementConfiguration$$EnhancerBySpringCGLIB$$2eaf020c] is not eligible for getting processed by all BeanPostProcessors (for example: not eligible for auto-proxying)
2018-12-26 10:36:56.461  INFO 9156 --- [main] o.s.b.w.embedded.tomcat.TomcatWebServer  : Tomcat initialized with port(s): 4000 (http)
2018-12-26 10:36:56.480  INFO 9156 --- [main] o.apache.catalina.core.StandardService   : Starting service [Tomcat]
2018-12-26 10:36:56.480  INFO 9156 --- [main] org.apache.catalina.core.StandardEngine  : Starting Servlet Engine: Apache Tomcat/9.0.13
2018-12-26 10:36:56.486  INFO 9156 --- [main] o.a.catalina.core.AprLifecycleListener   : The APR based Apache Tomcat Native library which allows optimal performance in production environments was not found on the java.library.path: [C:\Program Files\Java\jre1.8.0_162\bin;C:\WINDOWS\Sun\Java\bin;C:\WINDOWS\system32;C:\WINDOWS;C:/Program Files/Java/jre1.8.0_162/bin/server;C:/Program Files/Java/jre1.8.0_162/bin;C:/Program Files/Java/jre1.8.0_162/lib/amd64;%SystemRoot%\system32\WBEM;C:\WINDOWS\system32\WBEM;C:\WINDOWS\system32\WBEM;C:\WINDOWS\system32\WBEM;C:\WINDOWS\system32\WBEM;C:\ProgramData\Oracle\Java\javapath;C:\WINDOWS\system32;C:\WINDOWS;C:\WINDOWS\System32\Wbem;C:\WINDOWS\System32\WindowsPowerShell\v1.0\;C:\Program Files\Java\jdk1.8.0_162_x64\bin;D:\maven-3.3.9\bin;C:\Program Files\TortoiseSVN\bin;C:\Program Files\Git\cmd;C:\Program Files\nodejs\;C:\Program Files (x86)\Common Files\Thunder Network\KanKan\Codecs;C:\Users\w_zhangyang\AppData\Roaming\npm;C:\Users\w_zhangyang\AppData\Local\Microsoft\WindowsApps;C:\adb;D:\gradle-4.7\bin;D:\效率\mactype-2017-628-portable;E:\qshell-v2.2.0;C:\Users\w_zhangyang\AppData\Local\Programs\EmEditor;C:\Users\w_zhangyang\AppData\Roaming\npm;C:\Users\w_zhangyang\AppData\Local\Microsoft\WindowsApps;;C:\Users\w_zhangyang\AppData\Local\Programs\EmEditor;E:\SpringTools\sts-bundle\sts-3.9.4.RELEASE;;.]
2018-12-26 10:36:56.652  INFO 9156 --- [main] o.a.c.c.C.[Tomcat].[localhost].[/]       : Initializing Spring embedded WebApplicationContext
2018-12-26 10:36:56.652  INFO 9156 --- [main] o.s.web.context.ContextLoader            : Root WebApplicationContext: initialization completed in 1352 ms
2018-12-26 10:36:56.728  INFO 9156 --- [main] c.a.d.s.b.a.DruidDataSourceAutoConfigure : Init DruidDataSource
2018-12-26 10:36:56.846 ERROR 9156 --- [main] com.alibaba.druid.pool.DruidDataSource   : {dataSource-1} init error

java.sql.SQLException: com.mysql.jdbc.Driver
	at com.alibaba.druid.util.JdbcUtils.createDriver(JdbcUtils.java:600) ~[druid-1.1.10.jar:1.1.10]
	at com.alibaba.druid.pool.DruidDataSource.init(DruidDataSource.java:817) ~[druid-1.1.10.jar:1.1.10]
	at sun.reflect.NativeMethodAccessorImpl.invoke0(Native Method) ~[na:1.8.0_162]
	at sun.reflect.NativeMethodAccessorImpl.invoke(Unknown Source) ~[na:1.8.0_162]
	at sun.reflect.DelegatingMethodAccessorImpl.invoke(Unknown Source) ~[na:1.8.0_162]
	at java.lang.reflect.Method.invoke(Unknown Source) ~[na:1.8.0_162]
	at org.springframework.beans.factory.support.AbstractAutowireCapableBeanFactory.invokeCustomInitMethod(AbstractAutowireCapableBeanFactory.java:1870) [spring-beans-5.1.3.RELEASE.jar:5.1.3.RELEASE]
	at org.springframework.beans.factory.support.AbstractAutowireCapableBeanFactory.invokeInitMethods(AbstractAutowireCapableBeanFactory.java:1813) [spring-beans-5.1.3.RELEASE.jar:5.1.3.RELEASE]
	at org.springframework.beans.factory.support.AbstractAutowireCapableBeanFactory.initializeBean(AbstractAutowireCapableBeanFactory.java:1741) [spring-beans-5.1.3.RELEASE.jar:5.1.3.RELEASE]
	at org.springframework.beans.factory.support.AbstractAutowireCapableBeanFactory.doCreateBean(AbstractAutowireCapableBeanFactory.java:576) [spring-beans-5.1.3.RELEASE.jar:5.1.3.RELEASE]
	at org.springframework.beans.factory.support.AbstractAutowireCapableBeanFactory.createBean(AbstractAutowireCapableBeanFactory.java:498) [spring-beans-5.1.3.RELEASE.jar:5.1.3.RELEASE]
	at org.springframework.beans.factory.support.AbstractBeanFactory.lambda$doGetBean$0(AbstractBeanFactory.java:320) [spring-beans-5.1.3.RELEASE.jar:5.1.3.RELEASE]
	at org.springframework.beans.factory.support.DefaultSingletonBeanRegistry.getSingleton(DefaultSingletonBeanRegistry.java:222) ~[spring-beans-5.1.3.RELEASE.jar:5.1.3.RELEASE]
	at org.springframework.beans.factory.support.AbstractBeanFactory.doGetBean(AbstractBeanFactory.java:318) [spring-beans-5.1.3.RELEASE.jar:5.1.3.RELEASE]
	at org.springframework.beans.factory.support.AbstractBeanFactory.getBean(AbstractBeanFactory.java:199) [spring-beans-5.1.3.RELEASE.jar:5.1.3.RELEASE]
	at org.springframework.beans.factory.config.DependencyDescriptor.resolveCandidate(DependencyDescriptor.java:273) ~[spring-beans-5.1.3.RELEASE.jar:5.1.3.RELEASE]
	at org.springframework.beans.factory.support.DefaultListableBeanFactory.doResolveDependency(DefaultListableBeanFactory.java:1237) ~[spring-beans-5.1.3.RELEASE.jar:5.1.3.RELEASE]
	at org.springframework.beans.factory.support.DefaultListableBeanFactory.resolveDependency(DefaultListableBeanFactory.java:1164) ~[spring-beans-5.1.3.RELEASE.jar:5.1.3.RELEASE]
	at org.springframework.beans.factory.support.ConstructorResolver.resolveAutowiredArgument(ConstructorResolver.java:857) ~[spring-beans-5.1.3.RELEASE.jar:5.1.3.RELEASE]
	at org.springframework.beans.factory.support.ConstructorResolver.createArgumentArray(ConstructorResolver.java:760) ~[spring-beans-5.1.3.RELEASE.jar:5.1.3.RELEASE]
	at org.springframework.beans.factory.support.ConstructorResolver.autowireConstructor(ConstructorResolver.java:218) ~[spring-beans-5.1.3.RELEASE.jar:5.1.3.RELEASE]
	at org.springframework.beans.factory.support.AbstractAutowireCapableBeanFactory.autowireConstructor(AbstractAutowireCapableBeanFactory.java:1308) [spring-beans-5.1.3.RELEASE.jar:5.1.3.RELEASE]
	at org.springframework.beans.factory.support.AbstractAutowireCapableBeanFactory.createBeanInstance(AbstractAutowireCapableBeanFactory.java:1154) [spring-beans-5.1.3.RELEASE.jar:5.1.3.RELEASE]
	at org.springframework.beans.factory.support.AbstractAutowireCapableBeanFactory.doCreateBean(AbstractAutowireCapableBeanFactory.java:538) [spring-beans-5.1.3.RELEASE.jar:5.1.3.RELEASE]
	at org.springframework.beans.factory.support.AbstractAutowireCapableBeanFactory.createBean(AbstractAutowireCapableBeanFactory.java:498) [spring-beans-5.1.3.RELEASE.jar:5.1.3.RELEASE]
	at org.springframework.beans.factory.support.AbstractBeanFactory.lambda$doGetBean$0(AbstractBeanFactory.java:320) [spring-beans-5.1.3.RELEASE.jar:5.1.3.RELEASE]
	at org.springframework.beans.factory.support.DefaultSingletonBeanRegistry.getSingleton(DefaultSingletonBeanRegistry.java:222) ~[spring-beans-5.1.3.RELEASE.jar:5.1.3.RELEASE]
	at org.springframework.beans.factory.support.AbstractBeanFactory.doGetBean(AbstractBeanFactory.java:318) [spring-beans-5.1.3.RELEASE.jar:5.1.3.RELEASE]
	at org.springframework.beans.factory.support.AbstractBeanFactory.getBean(AbstractBeanFactory.java:199) [spring-beans-5.1.3.RELEASE.jar:5.1.3.RELEASE]
	at org.springframework.beans.factory.support.ConstructorResolver.instantiateUsingFactoryMethod(ConstructorResolver.java:392) ~[spring-beans-5.1.3.RELEASE.jar:5.1.3.RELEASE]
	at org.springframework.beans.factory.support.AbstractAutowireCapableBeanFactory.instantiateUsingFactoryMethod(AbstractAutowireCapableBeanFactory.java:1288) [spring-beans-5.1.3.RELEASE.jar:5.1.3.RELEASE]
	at org.springframework.beans.factory.support.AbstractAutowireCapableBeanFactory.createBeanInstance(AbstractAutowireCapableBeanFactory.java:1127) [spring-beans-5.1.3.RELEASE.jar:5.1.3.RELEASE]
	at org.springframework.beans.factory.support.AbstractAutowireCapableBeanFactory.doCreateBean(AbstractAutowireCapableBeanFactory.java:538) [spring-beans-5.1.3.RELEASE.jar:5.1.3.RELEASE]
	at org.springframework.beans.factory.support.AbstractAutowireCapableBeanFactory.createBean(AbstractAutowireCapableBeanFactory.java:498) [spring-beans-5.1.3.RELEASE.jar:5.1.3.RELEASE]
	at org.springframework.beans.factory.support.AbstractBeanFactory.lambda$doGetBean$0(AbstractBeanFactory.java:320) [spring-beans-5.1.3.RELEASE.jar:5.1.3.RELEASE]
	at org.springframework.beans.factory.support.DefaultSingletonBeanRegistry.getSingleton(DefaultSingletonBeanRegistry.java:222) ~[spring-beans-5.1.3.RELEASE.jar:5.1.3.RELEASE]
	at org.springframework.beans.factory.support.AbstractBeanFactory.doGetBean(AbstractBeanFactory.java:318) [spring-beans-5.1.3.RELEASE.jar:5.1.3.RELEASE]
	at org.springframework.beans.factory.support.AbstractBeanFactory.getBean(AbstractBeanFactory.java:199) [spring-beans-5.1.3.RELEASE.jar:5.1.3.RELEASE]
	at org.springframework.context.support.AbstractApplicationContext.getBean(AbstractApplicationContext.java:1083) ~[spring-context-5.1.3.RELEASE.jar:5.1.3.RELEASE]
	at org.springframework.context.support.AbstractApplicationContext.finishBeanFactoryInitialization(AbstractApplicationContext.java:853) ~[spring-context-5.1.3.RELEASE.jar:5.1.3.RELEASE]
	at org.springframework.context.support.AbstractApplicationContext.refresh(AbstractApplicationContext.java:546) ~[spring-context-5.1.3.RELEASE.jar:5.1.3.RELEASE]
	at org.springframework.boot.web.servlet.context.ServletWebServerApplicationContext.refresh(ServletWebServerApplicationContext.java:142) ~[spring-boot-2.1.1.RELEASE.jar:2.1.1.RELEASE]
	at org.springframework.boot.SpringApplication.refresh(SpringApplication.java:775) ~[spring-boot-2.1.1.RELEASE.jar:2.1.1.RELEASE]
	at org.springframework.boot.SpringApplication.refreshContext(SpringApplication.java:397) ~[spring-boot-2.1.1.RELEASE.jar:2.1.1.RELEASE]
	at org.springframework.boot.SpringApplication.run(SpringApplication.java:316) ~[spring-boot-2.1.1.RELEASE.jar:2.1.1.RELEASE]
	at org.springframework.boot.SpringApplication.run(SpringApplication.java:1260) ~[spring-boot-2.1.1.RELEASE.jar:2.1.1.RELEASE]
	at org.springframework.boot.SpringApplication.run(SpringApplication.java:1248) ~[spring-boot-2.1.1.RELEASE.jar:2.1.1.RELEASE]
	at cn.northpark.NpMqApplication.main(NpMqApplication.java:10) ~[classes/:na]
Caused by: java.lang.ClassNotFoundException: com.mysql.jdbc.Driver
	at java.net.URLClassLoader.findClass(Unknown Source) ~[na:1.8.0_162]
	at java.lang.ClassLoader.loadClass(Unknown Source) ~[na:1.8.0_162]
	at sun.misc.Launcher$AppClassLoader.loadClass(Unknown Source) ~[na:1.8.0_162]
	at java.lang.ClassLoader.loadClass(Unknown Source) ~[na:1.8.0_162]
	at java.lang.Class.forName0(Native Method) ~[na:1.8.0_162]
	at java.lang.Class.forName(Unknown Source) ~[na:1.8.0_162]
	at com.alibaba.druid.util.JdbcUtils.createDriver(JdbcUtils.java:598) ~[druid-1.1.10.jar:1.1.10]
	... 47 common frames omitted

2018-12-26 10:36:56.848  WARN 9156 --- [main] ConfigServletWebServerApplicationContext : Exception encountered during context initialization - cancelling refresh attempt: org.springframework.beans.factory.UnsatisfiedDependencyException: Error creating bean with name 'org.springframework.boot.autoconfigure.orm.jpa.HibernateJpaConfiguration': Unsatisfied dependency expressed through constructor parameter 0; nested exception is org.springframework.beans.factory.BeanCreationException: Error creating bean with name 'dataSource' defined in class path resource [com/alibaba/druid/spring/boot/autoconfigure/DruidDataSourceAutoConfigure.class]: Invocation of init method failed; nested exception is java.sql.SQLException: com.mysql.jdbc.Driver
2018-12-26 10:36:56.851  INFO 9156 --- [main] o.apache.catalina.core.StandardService   : Stopping service [Tomcat]
2018-12-26 10:36:56.862  INFO 9156 --- [main] ConditionEvaluationReportLoggingListener : 

Error starting ApplicationContext. To display the conditions report re-run your application with 'debug' enabled.
2018-12-26 10:36:56.869 ERROR 9156 --- [main] o.s.boot.SpringApplication               : Application run failed

org.springframework.beans.factory.UnsatisfiedDependencyException: Error creating bean with name 'org.springframework.boot.autoconfigure.orm.jpa.HibernateJpaConfiguration': Unsatisfied dependency expressed through constructor parameter 0; nested exception is org.springframework.beans.factory.BeanCreationException: Error creating bean with name 'dataSource' defined in class path resource [com/alibaba/druid/spring/boot/autoconfigure/DruidDataSourceAutoConfigure.class]: Invocation of init method failed; nested exception is java.sql.SQLException: com.mysql.jdbc.Driver
	at org.springframework.beans.factory.support.ConstructorResolver.createArgumentArray(ConstructorResolver.java:769) ~[spring-beans-5.1.3.RELEASE.jar:5.1.3.RELEASE]
	at org.springframework.beans.factory.support.ConstructorResolver.autowireConstructor(ConstructorResolver.java:218) ~[spring-beans-5.1.3.RELEASE.jar:5.1.3.RELEASE]
	at org.springframework.beans.factory.support.AbstractAutowireCapableBeanFactory.autowireConstructor(AbstractAutowireCapableBeanFactory.java:1308) ~[spring-beans-5.1.3.RELEASE.jar:5.1.3.RELEASE]
	at org.springframework.beans.factory.support.AbstractAutowireCapableBeanFactory.createBeanInstance(AbstractAutowireCapableBeanFactory.java:1154) ~[spring-beans-5.1.3.RELEASE.jar:5.1.3.RELEASE]
	at org.springframework.beans.factory.support.AbstractAutowireCapableBeanFactory.doCreateBean(AbstractAutowireCapableBeanFactory.java:538) ~[spring-beans-5.1.3.RELEASE.jar:5.1.3.RELEASE]
	at org.springframework.beans.factory.support.AbstractAutowireCapableBeanFactory.createBean(AbstractAutowireCapableBeanFactory.java:498) ~[spring-beans-5.1.3.RELEASE.jar:5.1.3.RELEASE]
	at org.springframework.beans.factory.support.AbstractBeanFactory.lambda$doGetBean$0(AbstractBeanFactory.java:320) ~[spring-beans-5.1.3.RELEASE.jar:5.1.3.RELEASE]
	at org.springframework.beans.factory.support.DefaultSingletonBeanRegistry.getSingleton(DefaultSingletonBeanRegistry.java:222) ~[spring-beans-5.1.3.RELEASE.jar:5.1.3.RELEASE]
	at org.springframework.beans.factory.support.AbstractBeanFactory.doGetBean(AbstractBeanFactory.java:318) ~[spring-beans-5.1.3.RELEASE.jar:5.1.3.RELEASE]
	at org.springframework.beans.factory.support.AbstractBeanFactory.getBean(AbstractBeanFactory.java:199) ~[spring-beans-5.1.3.RELEASE.jar:5.1.3.RELEASE]
	at org.springframework.beans.factory.support.ConstructorResolver.instantiateUsingFactoryMethod(ConstructorResolver.java:392) ~[spring-beans-5.1.3.RELEASE.jar:5.1.3.RELEASE]
	at org.springframework.beans.factory.support.AbstractAutowireCapableBeanFactory.instantiateUsingFactoryMethod(AbstractAutowireCapableBeanFactory.java:1288) ~[spring-beans-5.1.3.RELEASE.jar:5.1.3.RELEASE]
	at org.springframework.beans.factory.support.AbstractAutowireCapableBeanFactory.createBeanInstance(AbstractAutowireCapableBeanFactory.java:1127) ~[spring-beans-5.1.3.RELEASE.jar:5.1.3.RELEASE]
	at org.springframework.beans.factory.support.AbstractAutowireCapableBeanFactory.doCreateBean(AbstractAutowireCapableBeanFactory.java:538) ~[spring-beans-5.1.3.RELEASE.jar:5.1.3.RELEASE]
	at org.springframework.beans.factory.support.AbstractAutowireCapableBeanFactory.createBean(AbstractAutowireCapableBeanFactory.java:498) ~[spring-beans-5.1.3.RELEASE.jar:5.1.3.RELEASE]
	at org.springframework.beans.factory.support.AbstractBeanFactory.lambda$doGetBean$0(AbstractBeanFactory.java:320) ~[spring-beans-5.1.3.RELEASE.jar:5.1.3.RELEASE]
	at org.springframework.beans.factory.support.DefaultSingletonBeanRegistry.getSingleton(DefaultSingletonBeanRegistry.java:222) ~[spring-beans-5.1.3.RELEASE.jar:5.1.3.RELEASE]
	at org.springframework.beans.factory.support.AbstractBeanFactory.doGetBean(AbstractBeanFactory.java:318) ~[spring-beans-5.1.3.RELEASE.jar:5.1.3.RELEASE]
	at org.springframework.beans.factory.support.AbstractBeanFactory.getBean(AbstractBeanFactory.java:199) ~[spring-beans-5.1.3.RELEASE.jar:5.1.3.RELEASE]
	at org.springframework.context.support.AbstractApplicationContext.getBean(AbstractApplicationContext.java:1083) ~[spring-context-5.1.3.RELEASE.jar:5.1.3.RELEASE]
	at org.springframework.context.support.AbstractApplicationContext.finishBeanFactoryInitialization(AbstractApplicationContext.java:853) ~[spring-context-5.1.3.RELEASE.jar:5.1.3.RELEASE]
	at org.springframework.context.support.AbstractApplicationContext.refresh(AbstractApplicationContext.java:546) ~[spring-context-5.1.3.RELEASE.jar:5.1.3.RELEASE]
	at org.springframework.boot.web.servlet.context.ServletWebServerApplicationContext.refresh(ServletWebServerApplicationContext.java:142) ~[spring-boot-2.1.1.RELEASE.jar:2.1.1.RELEASE]
	at org.springframework.boot.SpringApplication.refresh(SpringApplication.java:775) [spring-boot-2.1.1.RELEASE.jar:2.1.1.RELEASE]
	at org.springframework.boot.SpringApplication.refreshContext(SpringApplication.java:397) [spring-boot-2.1.1.RELEASE.jar:2.1.1.RELEASE]
	at org.springframework.boot.SpringApplication.run(SpringApplication.java:316) [spring-boot-2.1.1.RELEASE.jar:2.1.1.RELEASE]
	at org.springframework.boot.SpringApplication.run(SpringApplication.java:1260) [spring-boot-2.1.1.RELEASE.jar:2.1.1.RELEASE]
	at org.springframework.boot.SpringApplication.run(SpringApplication.java:1248) [spring-boot-2.1.1.RELEASE.jar:2.1.1.RELEASE]
	at cn.northpark.NpMqApplication.main(NpMqApplication.java:10) [classes/:na]
Caused by: org.springframework.beans.factory.BeanCreationException: Error creating bean with name 'dataSource' defined in class path resource [com/alibaba/druid/spring/boot/autoconfigure/DruidDataSourceAutoConfigure.class]: Invocation of init method failed; nested exception is java.sql.SQLException: com.mysql.jdbc.Driver
	at org.springframework.beans.factory.support.AbstractAutowireCapableBeanFactory.initializeBean(AbstractAutowireCapableBeanFactory.java:1745) ~[spring-beans-5.1.3.RELEASE.jar:5.1.3.RELEASE]
	at org.springframework.beans.factory.support.AbstractAutowireCapableBeanFactory.doCreateBean(AbstractAutowireCapableBeanFactory.java:576) ~[spring-beans-5.1.3.RELEASE.jar:5.1.3.RELEASE]
	at org.springframework.beans.factory.support.AbstractAutowireCapableBeanFactory.createBean(AbstractAutowireCapableBeanFactory.java:498) ~[spring-beans-5.1.3.RELEASE.jar:5.1.3.RELEASE]
	at org.springframework.beans.factory.support.AbstractBeanFactory.lambda$doGetBean$0(AbstractBeanFactory.java:320) ~[spring-beans-5.1.3.RELEASE.jar:5.1.3.RELEASE]
	at org.springframework.beans.factory.support.DefaultSingletonBeanRegistry.getSingleton(DefaultSingletonBeanRegistry.java:222) ~[spring-beans-5.1.3.RELEASE.jar:5.1.3.RELEASE]
	at org.springframework.beans.factory.support.AbstractBeanFactory.doGetBean(AbstractBeanFactory.java:318) ~[spring-beans-5.1.3.RELEASE.jar:5.1.3.RELEASE]
	at org.springframework.beans.factory.support.AbstractBeanFactory.getBean(AbstractBeanFactory.java:199) ~[spring-beans-5.1.3.RELEASE.jar:5.1.3.RELEASE]
	at org.springframework.beans.factory.config.DependencyDescriptor.resolveCandidate(DependencyDescriptor.java:273) ~[spring-beans-5.1.3.RELEASE.jar:5.1.3.RELEASE]
	at org.springframework.beans.factory.support.DefaultListableBeanFactory.doResolveDependency(DefaultListableBeanFactory.java:1237) ~[spring-beans-5.1.3.RELEASE.jar:5.1.3.RELEASE]
	at org.springframework.beans.factory.support.DefaultListableBeanFactory.resolveDependency(DefaultListableBeanFactory.java:1164) ~[spring-beans-5.1.3.RELEASE.jar:5.1.3.RELEASE]
	at org.springframework.beans.factory.support.ConstructorResolver.resolveAutowiredArgument(ConstructorResolver.java:857) ~[spring-beans-5.1.3.RELEASE.jar:5.1.3.RELEASE]
	at org.springframework.beans.factory.support.ConstructorResolver.createArgumentArray(ConstructorResolver.java:760) ~[spring-beans-5.1.3.RELEASE.jar:5.1.3.RELEASE]
	... 28 common frames omitted
Caused by: java.sql.SQLException: com.mysql.jdbc.Driver
	at com.alibaba.druid.util.JdbcUtils.createDriver(JdbcUtils.java:600) ~[druid-1.1.10.jar:1.1.10]
	at com.alibaba.druid.pool.DruidDataSource.init(DruidDataSource.java:817) ~[druid-1.1.10.jar:1.1.10]
	at sun.reflect.NativeMethodAccessorImpl.invoke0(Native Method) ~[na:1.8.0_162]
	at sun.reflect.NativeMethodAccessorImpl.invoke(Unknown Source) ~[na:1.8.0_162]
	at sun.reflect.DelegatingMethodAccessorImpl.invoke(Unknown Source) ~[na:1.8.0_162]
	at java.lang.reflect.Method.invoke(Unknown Source) ~[na:1.8.0_162]
	at org.springframework.beans.factory.support.AbstractAutowireCapableBeanFactory.invokeCustomInitMethod(AbstractAutowireCapableBeanFactory.java:1870) ~[spring-beans-5.1.3.RELEASE.jar:5.1.3.RELEASE]
	at org.springframework.beans.factory.support.AbstractAutowireCapableBeanFactory.invokeInitMethods(AbstractAutowireCapableBeanFactory.java:1813) ~[spring-beans-5.1.3.RELEASE.jar:5.1.3.RELEASE]
	at org.springframework.beans.factory.support.AbstractAutowireCapableBeanFactory.initializeBean(AbstractAutowireCapableBeanFactory.java:1741) ~[spring-beans-5.1.3.RELEASE.jar:5.1.3.RELEASE]
	... 39 common frames omitted
Caused by: java.lang.ClassNotFoundException: com.mysql.jdbc.Driver
	at java.net.URLClassLoader.findClass(Unknown Source) ~[na:1.8.0_162]
	at java.lang.ClassLoader.loadClass(Unknown Source) ~[na:1.8.0_162]
	at sun.misc.Launcher$AppClassLoader.loadClass(Unknown Source) ~[na:1.8.0_162]
	at java.lang.ClassLoader.loadClass(Unknown Source) ~[na:1.8.0_162]
	at java.lang.Class.forName0(Native Method) ~[na:1.8.0_162]
	at java.lang.Class.forName(Unknown Source) ~[na:1.8.0_162]
	at com.alibaba.druid.util.JdbcUtils.createDriver(JdbcUtils.java:598) ~[druid-1.1.10.jar:1.1.10]
	... 47 common frames omitted

2018-12-26 10:38:14.041  INFO 5384 --- [main] cn.northpark.NpMqApplication             : Starting NpMqApplication on tkamcw-zhangyang with PID 5384 (D:\workspace\np-mq\target\classes started by w_zhangyang in D:\workspace\np-mq)
2018-12-26 10:38:14.044  INFO 5384 --- [main] cn.northpark.NpMqApplication             : No active profile set, falling back to default profiles: default
2018-12-26 10:38:14.607  INFO 5384 --- [main] .s.d.r.c.RepositoryConfigurationDelegate : Bootstrapping Spring Data repositories in DEFAULT mode.
2018-12-26 10:38:14.623  INFO 5384 --- [main] .s.d.r.c.RepositoryConfigurationDelegate : Finished Spring Data repository scanning in 10ms. Found 0 repository interfaces.
2018-12-26 10:38:14.844  INFO 5384 --- [main] trationDelegate$BeanPostProcessorChecker : Bean 'org.springframework.amqp.rabbit.annotation.RabbitBootstrapConfiguration' of type [org.springframework.amqp.rabbit.annotation.RabbitBootstrapConfiguration$$EnhancerBySpringCGLIB$$3f572c4f] is not eligible for getting processed by all BeanPostProcessors (for example: not eligible for auto-proxying)
2018-12-26 10:38:14.904  INFO 5384 --- [main] trationDelegate$BeanPostProcessorChecker : Bean 'org.springframework.transaction.annotation.ProxyTransactionManagementConfiguration' of type [org.springframework.transaction.annotation.ProxyTransactionManagementConfiguration$$EnhancerBySpringCGLIB$$78eb6e21] is not eligible for getting processed by all BeanPostProcessors (for example: not eligible for auto-proxying)
2018-12-26 10:38:15.215  INFO 5384 --- [main] o.s.b.w.embedded.tomcat.TomcatWebServer  : Tomcat initialized with port(s): 4000 (http)
2018-12-26 10:38:15.232  INFO 5384 --- [main] o.apache.catalina.core.StandardService   : Starting service [Tomcat]
2018-12-26 10:38:15.233  INFO 5384 --- [main] org.apache.catalina.core.StandardEngine  : Starting Servlet Engine: Apache Tomcat/9.0.13
2018-12-26 10:38:15.239  INFO 5384 --- [main] o.a.catalina.core.AprLifecycleListener   : The APR based Apache Tomcat Native library which allows optimal performance in production environments was not found on the java.library.path: [C:\Program Files\Java\jre1.8.0_162\bin;C:\WINDOWS\Sun\Java\bin;C:\WINDOWS\system32;C:\WINDOWS;C:/Program Files/Java/jre1.8.0_162/bin/server;C:/Program Files/Java/jre1.8.0_162/bin;C:/Program Files/Java/jre1.8.0_162/lib/amd64;%SystemRoot%\system32\WBEM;C:\WINDOWS\system32\WBEM;C:\WINDOWS\system32\WBEM;C:\WINDOWS\system32\WBEM;C:\WINDOWS\system32\WBEM;C:\ProgramData\Oracle\Java\javapath;C:\WINDOWS\system32;C:\WINDOWS;C:\WINDOWS\System32\Wbem;C:\WINDOWS\System32\WindowsPowerShell\v1.0\;C:\Program Files\Java\jdk1.8.0_162_x64\bin;D:\maven-3.3.9\bin;C:\Program Files\TortoiseSVN\bin;C:\Program Files\Git\cmd;C:\Program Files\nodejs\;C:\Program Files (x86)\Common Files\Thunder Network\KanKan\Codecs;C:\Users\w_zhangyang\AppData\Roaming\npm;C:\Users\w_zhangyang\AppData\Local\Microsoft\WindowsApps;C:\adb;D:\gradle-4.7\bin;D:\效率\mactype-2017-628-portable;E:\qshell-v2.2.0;C:\Users\w_zhangyang\AppData\Local\Programs\EmEditor;C:\Users\w_zhangyang\AppData\Roaming\npm;C:\Users\w_zhangyang\AppData\Local\Microsoft\WindowsApps;;C:\Users\w_zhangyang\AppData\Local\Programs\EmEditor;E:\SpringTools\sts-bundle\sts-3.9.4.RELEASE;;.]
2018-12-26 10:38:15.406  INFO 5384 --- [main] o.a.c.c.C.[Tomcat].[localhost].[/]       : Initializing Spring embedded WebApplicationContext
2018-12-26 10:38:15.407  INFO 5384 --- [main] o.s.web.context.ContextLoader            : Root WebApplicationContext: initialization completed in 1333 ms
2018-12-26 10:38:15.483  INFO 5384 --- [main] c.a.d.s.b.a.DruidDataSourceAutoConfigure : Init DruidDataSource
2018-12-26 10:38:15.632  INFO 5384 --- [main] com.alibaba.druid.pool.DruidDataSource   : {dataSource-1} inited
2018-12-26 10:38:17.275  INFO 5384 --- [main] o.hibernate.jpa.internal.util.LogHelper  : HHH000204: Processing PersistenceUnitInfo [
	name: default
	...]
2018-12-26 10:38:17.325  INFO 5384 --- [main] org.hibernate.Version                    : HHH000412: Hibernate Core {5.3.7.Final}
2018-12-26 10:38:17.326  INFO 5384 --- [main] org.hibernate.cfg.Environment            : HHH000206: hibernate.properties not found
2018-12-26 10:38:17.435  INFO 5384 --- [main] o.hibernate.annotations.common.Version   : HCANN000001: Hibernate Commons Annotations {5.0.4.Final}
2018-12-26 10:38:17.565  INFO 5384 --- [main] org.hibernate.dialect.Dialect            : HHH000400: Using dialect: org.hibernate.dialect.MySQL5Dialect
2018-12-26 10:38:17.697  INFO 5384 --- [main] j.LocalContainerEntityManagerFactoryBean : Initialized JPA EntityManagerFactory for persistence unit 'default'
2018-12-26 10:38:17.933  INFO 5384 --- [main] o.s.s.concurrent.ThreadPoolTaskExecutor  : Initializing ExecutorService 'applicationTaskExecutor'
2018-12-26 10:38:17.964  WARN 5384 --- [main] aWebConfiguration$JpaWebMvcConfiguration : spring.jpa.open-in-view is enabled by default. Therefore, database queries may be performed during view rendering. Explicitly configure spring.jpa.open-in-view to disable this warning
2018-12-26 10:38:18.205  INFO 5384 --- [main] o.s.a.r.c.CachingConnectionFactory       : Attempting to connect to: [35.241.93.104:5672]
2018-12-26 10:38:18.813  INFO 5384 --- [main] o.s.a.r.c.CachingConnectionFactory       : Created new connection: rabbitConnectionFactory#5114b7c7:0/SimpleConnection@388d14e [delegate=amqp://liuhouer@35.241.93.104:5672/, localPort= 55526]
2018-12-26 10:38:19.928  INFO 5384 --- [main] o.s.b.w.embedded.tomcat.TomcatWebServer  : Tomcat started on port(s): 4000 (http) with context path ''
2018-12-26 10:38:19.931  INFO 5384 --- [main] cn.northpark.NpMqApplication             : Started NpMqApplication in 6.298 seconds (JVM running for 7.208)
2018-12-26 10:40:04.203  INFO 8040 --- [main] cn.northpark.handler.RabbitProducerTest  : Starting RabbitProducerTest on tkamcw-zhangyang with PID 8040 (started by w_zhangyang in D:\workspace\np-mq)
2018-12-26 10:40:04.204  INFO 8040 --- [main] cn.northpark.handler.RabbitProducerTest  : No active profile set, falling back to default profiles: default
2018-12-26 10:40:05.046  INFO 8040 --- [main] .s.d.r.c.RepositoryConfigurationDelegate : Bootstrapping Spring Data repositories in DEFAULT mode.
2018-12-26 10:40:05.071  INFO 8040 --- [main] .s.d.r.c.RepositoryConfigurationDelegate : Finished Spring Data repository scanning in 15ms. Found 0 repository interfaces.
2018-12-26 10:40:05.451  INFO 8040 --- [main] trationDelegate$BeanPostProcessorChecker : Bean 'org.springframework.amqp.rabbit.annotation.RabbitBootstrapConfiguration' of type [org.springframework.amqp.rabbit.annotation.RabbitBootstrapConfiguration$$EnhancerBySpringCGLIB$$1889bedd] is not eligible for getting processed by all BeanPostProcessors (for example: not eligible for auto-proxying)
2018-12-26 10:40:05.554  INFO 8040 --- [main] trationDelegate$BeanPostProcessorChecker : Bean 'org.springframework.transaction.annotation.ProxyTransactionManagementConfiguration' of type [org.springframework.transaction.annotation.ProxyTransactionManagementConfiguration$$EnhancerBySpringCGLIB$$521e00af] is not eligible for getting processed by all BeanPostProcessors (for example: not eligible for auto-proxying)
2018-12-26 10:40:05.639  INFO 8040 --- [main] c.a.d.s.b.a.DruidDataSourceAutoConfigure : Init DruidDataSource
2018-12-26 10:40:05.888  INFO 8040 --- [main] com.alibaba.druid.pool.DruidDataSource   : {dataSource-1} inited
2018-12-26 10:40:07.777  INFO 8040 --- [main] o.hibernate.jpa.internal.util.LogHelper  : HHH000204: Processing PersistenceUnitInfo [
	name: default
	...]
2018-12-26 10:40:07.848  INFO 8040 --- [main] org.hibernate.Version                    : HHH000412: Hibernate Core {5.3.7.Final}
2018-12-26 10:40:07.850  INFO 8040 --- [main] org.hibernate.cfg.Environment            : HHH000206: hibernate.properties not found
2018-12-26 10:40:08.003  INFO 8040 --- [main] o.hibernate.annotations.common.Version   : HCANN000001: Hibernate Commons Annotations {5.0.4.Final}
2018-12-26 10:40:08.244  INFO 8040 --- [main] org.hibernate.dialect.Dialect            : HHH000400: Using dialect: org.hibernate.dialect.MySQL5Dialect
2018-12-26 10:40:08.491  INFO 8040 --- [main] j.LocalContainerEntityManagerFactoryBean : Initialized JPA EntityManagerFactory for persistence unit 'default'
2018-12-26 10:40:09.277  INFO 8040 --- [main] o.s.s.concurrent.ThreadPoolTaskExecutor  : Initializing ExecutorService 'applicationTaskExecutor'
2018-12-26 10:40:09.346  WARN 8040 --- [main] aWebConfiguration$JpaWebMvcConfiguration : spring.jpa.open-in-view is enabled by default. Therefore, database queries may be performed during view rendering. Explicitly configure spring.jpa.open-in-view to disable this warning
2018-12-26 10:40:09.888  INFO 8040 --- [main] o.s.a.r.c.CachingConnectionFactory       : Attempting to connect to: [35.241.93.104:5672]
2018-12-26 10:40:10.529  INFO 8040 --- [main] o.s.a.r.c.CachingConnectionFactory       : Created new connection: rabbitConnectionFactory#5b88b8e:0/SimpleConnection@45a1d057 [delegate=amqp://liuhouer@35.241.93.104:5672/, localPort= 55536]
2018-12-26 10:40:11.899  INFO 8040 --- [main] cn.northpark.handler.RabbitProducerTest  : Started RabbitProducerTest in 8.154 seconds (JVM running for 9.675)
2018-12-26 10:40:12.444  INFO 5384 --- [SimpleAsyncTaskExecutor-1] c.n.handler.RabbitMqMailReceiver         : [string] recieved message:2018-40-360 10:12:11
2018-12-26 10:40:12.734  INFO 5384 --- [SimpleAsyncTaskExecutor-1] c.n.handler.RabbitMqMailReceiver         : [string] recieved message:2018-40-360 10:12:12
2018-12-26 10:40:12.738  INFO 8040 --- [SimpleAsyncTaskExecutor-1] c.n.handler.RabbitMqMailReceiver         : [string] recieved message:2018-40-360 10:12:12
2018-12-26 10:40:13.032  INFO 8040 --- [SimpleAsyncTaskExecutor-1] c.n.handler.RabbitMqMailReceiver         : [string] recieved message:2018-40-360 10:12:12
2018-12-26 10:40:13.033  INFO 5384 --- [SimpleAsyncTaskExecutor-1] c.n.handler.RabbitMqMailReceiver         : [string] recieved message:2018-40-360 10:12:12
2018-12-26 10:40:13.034  INFO 8040 --- [SimpleAsyncTaskExecutor-1] c.n.handler.RabbitMqMailReceiver         : [string] recieved message:2018-40-360 10:12:12
2018-12-26 10:40:13.323  INFO 5384 --- [SimpleAsyncTaskExecutor-1] c.n.handler.RabbitMqMailReceiver         : [string] recieved message:2018-40-360 10:12:12
2018-12-26 10:40:13.326  INFO 5384 --- [SimpleAsyncTaskExecutor-1] c.n.handler.RabbitMqMailReceiver         : [string] recieved message:2018-40-360 10:12:13
2018-12-26 10:40:13.326  INFO 8040 --- [SimpleAsyncTaskExecutor-1] c.n.handler.RabbitMqMailReceiver         : [string] recieved message:2018-40-360 10:12:13
2018-12-26 10:40:13.338  INFO 8040 --- [SimpleAsyncTaskExecutor-1] c.n.handler.RabbitMqMailReceiver         : [string] recieved message:2018-40-360 10:12:13
2018-12-26 10:40:13.338  INFO 8040 --- [Thread-2] o.s.a.r.l.SimpleMessageListenerContainer : Waiting for workers to finish.
2018-12-26 10:40:13.339  INFO 8040 --- [Thread-2] o.s.a.r.l.SimpleMessageListenerContainer : Successfully waited for workers to finish.
2018-12-26 10:40:13.343  INFO 8040 --- [Thread-2] o.s.a.r.l.SimpleMessageListenerContainer : Shutdown ignored - container is not active already
2018-12-26 10:40:13.345  INFO 8040 --- [Thread-2] o.s.s.concurrent.ThreadPoolTaskExecutor  : Shutting down ExecutorService 'applicationTaskExecutor'
2018-12-26 10:40:14.090  INFO 8040 --- [Thread-2] j.LocalContainerEntityManagerFactoryBean : Closing JPA EntityManagerFactory for persistence unit 'default'
2018-12-26 10:40:14.094  INFO 8040 --- [Thread-2] com.alibaba.druid.pool.DruidDataSource   : {dataSource-1} closed
2018-12-26 10:42:58.944  INFO 5384 --- [RMI TCP Connection(2)-127.0.0.1] inMXBeanRegistrar$SpringApplicationAdmin : Application shutdown requested.
2018-12-26 10:42:59.100  INFO 5384 --- [RMI TCP Connection(2)-127.0.0.1] o.s.a.r.l.SimpleMessageListenerContainer : Waiting for workers to finish.
2018-12-26 10:42:59.428  INFO 5384 --- [RMI TCP Connection(2)-127.0.0.1] o.s.a.r.l.SimpleMessageListenerContainer : Successfully waited for workers to finish.
2018-12-26 10:42:59.431  INFO 5384 --- [RMI TCP Connection(2)-127.0.0.1] o.s.a.r.l.SimpleMessageListenerContainer : Shutdown ignored - container is not active already
2018-12-26 10:42:59.432  INFO 5384 --- [RMI TCP Connection(2)-127.0.0.1] o.s.s.concurrent.ThreadPoolTaskExecutor  : Shutting down ExecutorService 'applicationTaskExecutor'
2018-12-26 10:42:59.607  INFO 5384 --- [RMI TCP Connection(2)-127.0.0.1] j.LocalContainerEntityManagerFactoryBean : Closing JPA EntityManagerFactory for persistence unit 'default'
2018-12-26 10:42:59.613  INFO 5384 --- [RMI TCP Connection(2)-127.0.0.1] com.alibaba.druid.pool.DruidDataSource   : {dataSource-1} closed
2018-12-26 10:44:48.359  INFO 7292 --- [main] cn.northpark.NpMqApplication             : Starting NpMqApplication on tkamcw-zhangyang with PID 7292 (D:\workspace\np-mq\target\classes started by w_zhangyang in D:\workspace\np-mq)
2018-12-26 10:44:48.359  INFO 7292 --- [main] cn.northpark.NpMqApplication             : No active profile set, falling back to default profiles: default
2018-12-26 10:44:48.934  INFO 7292 --- [main] .s.d.r.c.RepositoryConfigurationDelegate : Bootstrapping Spring Data repositories in DEFAULT mode.
2018-12-26 10:44:48.934  INFO 7292 --- [main] .s.d.r.c.RepositoryConfigurationDelegate : Finished Spring Data repository scanning in 0ms. Found 0 repository interfaces.
2018-12-26 10:44:49.153  INFO 7292 --- [main] trationDelegate$BeanPostProcessorChecker : Bean 'org.springframework.amqp.rabbit.annotation.RabbitBootstrapConfiguration' of type [org.springframework.amqp.rabbit.annotation.RabbitBootstrapConfiguration$$EnhancerBySpringCGLIB$$68876fa8] is not eligible for getting processed by all BeanPostProcessors (for example: not eligible for auto-proxying)
2018-12-26 10:44:49.215  INFO 7292 --- [main] trationDelegate$BeanPostProcessorChecker : Bean 'org.springframework.transaction.annotation.ProxyTransactionManagementConfiguration' of type [org.springframework.transaction.annotation.ProxyTransactionManagementConfiguration$$EnhancerBySpringCGLIB$$a21bb17a] is not eligible for getting processed by all BeanPostProcessors (for example: not eligible for auto-proxying)
2018-12-26 10:44:49.493  INFO 7292 --- [main] o.s.b.w.embedded.tomcat.TomcatWebServer  : Tomcat initialized with port(s): 4000 (http)
2018-12-26 10:44:49.506  INFO 7292 --- [main] o.apache.catalina.core.StandardService   : Starting service [Tomcat]
2018-12-26 10:44:49.522  INFO 7292 --- [main] org.apache.catalina.core.StandardEngine  : Starting Servlet Engine: Apache Tomcat/9.0.13
2018-12-26 10:44:49.522  INFO 7292 --- [main] o.a.catalina.core.AprLifecycleListener   : The APR based Apache Tomcat Native library which allows optimal performance in production environments was not found on the java.library.path: [C:\Program Files\Java\jre1.8.0_162\bin;C:\WINDOWS\Sun\Java\bin;C:\WINDOWS\system32;C:\WINDOWS;C:/Program Files/Java/jre1.8.0_162/bin/server;C:/Program Files/Java/jre1.8.0_162/bin;C:/Program Files/Java/jre1.8.0_162/lib/amd64;%SystemRoot%\system32\WBEM;C:\WINDOWS\system32\WBEM;C:\WINDOWS\system32\WBEM;C:\WINDOWS\system32\WBEM;C:\WINDOWS\system32\WBEM;C:\ProgramData\Oracle\Java\javapath;C:\WINDOWS\system32;C:\WINDOWS;C:\WINDOWS\System32\Wbem;C:\WINDOWS\System32\WindowsPowerShell\v1.0\;C:\Program Files\Java\jdk1.8.0_162_x64\bin;D:\maven-3.3.9\bin;C:\Program Files\TortoiseSVN\bin;C:\Program Files\Git\cmd;C:\Program Files\nodejs\;C:\Program Files (x86)\Common Files\Thunder Network\KanKan\Codecs;C:\Users\w_zhangyang\AppData\Roaming\npm;C:\Users\w_zhangyang\AppData\Local\Microsoft\WindowsApps;C:\adb;D:\gradle-4.7\bin;D:\效率\mactype-2017-628-portable;E:\qshell-v2.2.0;C:\Users\w_zhangyang\AppData\Local\Programs\EmEditor;C:\Users\w_zhangyang\AppData\Roaming\npm;C:\Users\w_zhangyang\AppData\Local\Microsoft\WindowsApps;;C:\Users\w_zhangyang\AppData\Local\Programs\EmEditor;E:\SpringTools\sts-bundle\sts-3.9.4.RELEASE;;.]
2018-12-26 10:44:49.682  INFO 7292 --- [main] o.a.c.c.C.[Tomcat].[localhost].[/]       : Initializing Spring embedded WebApplicationContext
2018-12-26 10:44:49.682  INFO 7292 --- [main] o.s.web.context.ContextLoader            : Root WebApplicationContext: initialization completed in 1292 ms
2018-12-26 10:44:49.760  INFO 7292 --- [main] c.a.d.s.b.a.DruidDataSourceAutoConfigure : Init DruidDataSource
2018-12-26 10:44:49.916  INFO 7292 --- [main] com.alibaba.druid.pool.DruidDataSource   : {dataSource-1} inited
2018-12-26 10:44:51.537  INFO 7292 --- [main] o.hibernate.jpa.internal.util.LogHelper  : HHH000204: Processing PersistenceUnitInfo [
	name: default
	...]
2018-12-26 10:44:51.573  INFO 7292 --- [main] org.hibernate.Version                    : HHH000412: Hibernate Core {5.3.7.Final}
2018-12-26 10:44:51.589  INFO 7292 --- [main] org.hibernate.cfg.Environment            : HHH000206: hibernate.properties not found
2018-12-26 10:44:51.698  INFO 7292 --- [main] o.hibernate.annotations.common.Version   : HCANN000001: Hibernate Commons Annotations {5.0.4.Final}
2018-12-26 10:44:51.840  INFO 7292 --- [main] org.hibernate.dialect.Dialect            : HHH000400: Using dialect: org.hibernate.dialect.MySQL5Dialect
2018-12-26 10:44:51.965  INFO 7292 --- [main] j.LocalContainerEntityManagerFactoryBean : Initialized JPA EntityManagerFactory for persistence unit 'default'
2018-12-26 10:44:52.215  INFO 7292 --- [main] o.s.s.concurrent.ThreadPoolTaskExecutor  : Initializing ExecutorService 'applicationTaskExecutor'
2018-12-26 10:44:52.246  WARN 7292 --- [main] aWebConfiguration$JpaWebMvcConfiguration : spring.jpa.open-in-view is enabled by default. Therefore, database queries may be performed during view rendering. Explicitly configure spring.jpa.open-in-view to disable this warning
2018-12-26 10:44:52.496  INFO 7292 --- [main] o.s.a.r.c.CachingConnectionFactory       : Attempting to connect to: [35.241.93.104:5672]
2018-12-26 10:44:53.106  INFO 7292 --- [main] o.s.a.r.c.CachingConnectionFactory       : Created new connection: rabbitConnectionFactory#4b0b64cc:0/SimpleConnection@4eea94a4 [delegate=amqp://liuhouer@35.241.93.104:5672/, localPort= 55981]
2018-12-26 10:44:54.981  INFO 7292 --- [main] o.s.b.w.embedded.tomcat.TomcatWebServer  : Tomcat started on port(s): 4000 (http) with context path ''
2018-12-26 10:44:54.995  INFO 7292 --- [main] cn.northpark.NpMqApplication             : Started NpMqApplication in 7.038 seconds (JVM running for 7.929)
2018-12-26 11:17:34.771  INFO 8752 --- [main] cn.northpark.handler.RabbitProducerTest  : Starting RabbitProducerTest on tkamcw-zhangyang with PID 8752 (started by w_zhangyang in D:\workspace\np-mq)
2018-12-26 11:17:34.771  INFO 8752 --- [main] cn.northpark.handler.RabbitProducerTest  : No active profile set, falling back to default profiles: default
2018-12-26 11:17:35.658  INFO 8752 --- [main] .s.d.r.c.RepositoryConfigurationDelegate : Bootstrapping Spring Data repositories in DEFAULT mode.
2018-12-26 11:17:35.679  INFO 8752 --- [main] .s.d.r.c.RepositoryConfigurationDelegate : Finished Spring Data repository scanning in 16ms. Found 0 repository interfaces.
2018-12-26 11:17:36.038  INFO 8752 --- [main] trationDelegate$BeanPostProcessorChecker : Bean 'org.springframework.amqp.rabbit.annotation.RabbitBootstrapConfiguration' of type [org.springframework.amqp.rabbit.annotation.RabbitBootstrapConfiguration$$EnhancerBySpringCGLIB$$7b984ad9] is not eligible for getting processed by all BeanPostProcessors (for example: not eligible for auto-proxying)
2018-12-26 11:17:36.163  INFO 8752 --- [main] trationDelegate$BeanPostProcessorChecker : Bean 'org.springframework.transaction.annotation.ProxyTransactionManagementConfiguration' of type [org.springframework.transaction.annotation.ProxyTransactionManagementConfiguration$$EnhancerBySpringCGLIB$$b52c8cab] is not eligible for getting processed by all BeanPostProcessors (for example: not eligible for auto-proxying)
2018-12-26 11:17:36.226  INFO 8752 --- [main] c.a.d.s.b.a.DruidDataSourceAutoConfigure : Init DruidDataSource
2018-12-26 11:17:36.482  INFO 8752 --- [main] com.alibaba.druid.pool.DruidDataSource   : {dataSource-1} inited
2018-12-26 11:17:38.393  INFO 8752 --- [main] o.hibernate.jpa.internal.util.LogHelper  : HHH000204: Processing PersistenceUnitInfo [
	name: default
	...]
2018-12-26 11:17:38.486  INFO 8752 --- [main] org.hibernate.Version                    : HHH000412: Hibernate Core {5.3.7.Final}
2018-12-26 11:17:38.486  INFO 8752 --- [main] org.hibernate.cfg.Environment            : HHH000206: hibernate.properties not found
2018-12-26 11:17:38.642  INFO 8752 --- [main] o.hibernate.annotations.common.Version   : HCANN000001: Hibernate Commons Annotations {5.0.4.Final}
2018-12-26 11:17:38.876  INFO 8752 --- [main] org.hibernate.dialect.Dialect            : HHH000400: Using dialect: org.hibernate.dialect.MySQL5Dialect
2018-12-26 11:17:39.111  INFO 8752 --- [main] j.LocalContainerEntityManagerFactoryBean : Initialized JPA EntityManagerFactory for persistence unit 'default'
2018-12-26 11:17:39.927  INFO 8752 --- [main] o.s.s.concurrent.ThreadPoolTaskExecutor  : Initializing ExecutorService 'applicationTaskExecutor'
2018-12-26 11:17:39.983  WARN 8752 --- [main] aWebConfiguration$JpaWebMvcConfiguration : spring.jpa.open-in-view is enabled by default. Therefore, database queries may be performed during view rendering. Explicitly configure spring.jpa.open-in-view to disable this warning
2018-12-26 11:17:40.483  INFO 8752 --- [main] o.s.a.r.c.CachingConnectionFactory       : Attempting to connect to: [35.241.93.104:5672]
2018-12-26 11:17:41.129  INFO 8752 --- [main] o.s.a.r.c.CachingConnectionFactory       : Created new connection: rabbitConnectionFactory#6413d7e7:0/SimpleConnection@3e1f1046 [delegate=amqp://liuhouer@35.241.93.104:5672/, localPort= 59715]
2018-12-26 11:17:43.038  INFO 8752 --- [main] cn.northpark.handler.RabbitProducerTest  : Started RabbitProducerTest in 8.659 seconds (JVM running for 10.012)
2018-12-26 11:17:43.556  INFO 7292 --- [SimpleAsyncTaskExecutor-1] cn.northpark.handler.RabbitConsumer      : [string] recieved message:2018-17-360 11:12:43
2018-12-26 11:17:43.849  INFO 7292 --- [SimpleAsyncTaskExecutor-1] cn.northpark.handler.RabbitConsumer      : [string] recieved message:2018-17-360 11:12:43
2018-12-26 11:17:43.849  INFO 8752 --- [SimpleAsyncTaskExecutor-1] cn.northpark.handler.RabbitConsumer      : [string] recieved message:2018-17-360 11:12:43
2018-12-26 11:17:44.146  INFO 8752 --- [SimpleAsyncTaskExecutor-1] cn.northpark.handler.RabbitConsumer      : [string] recieved message:2018-17-360 11:12:43
2018-12-26 11:17:44.151  INFO 7292 --- [SimpleAsyncTaskExecutor-1] cn.northpark.handler.RabbitConsumer      : [string] recieved message:2018-17-360 11:12:43
2018-12-26 11:17:44.151  INFO 8752 --- [SimpleAsyncTaskExecutor-1] cn.northpark.handler.RabbitConsumer      : [string] recieved message:2018-17-360 11:12:43
2018-12-26 11:17:44.448  INFO 7292 --- [SimpleAsyncTaskExecutor-1] cn.northpark.handler.RabbitConsumer      : [string] recieved message:2018-17-360 11:12:43
2018-12-26 11:17:44.448  INFO 7292 --- [SimpleAsyncTaskExecutor-1] cn.northpark.handler.RabbitConsumer      : [string] recieved message:2018-17-360 11:12:44
2018-12-26 11:17:44.448  INFO 8752 --- [SimpleAsyncTaskExecutor-1] cn.northpark.handler.RabbitConsumer      : [string] recieved message:2018-17-360 11:12:44
2018-12-26 11:17:44.448  INFO 8752 --- [Thread-2] o.s.a.r.l.SimpleMessageListenerContainer : Waiting for workers to finish.
2018-12-26 11:17:44.463  INFO 8752 --- [SimpleAsyncTaskExecutor-1] cn.northpark.handler.RabbitConsumer      : [string] recieved message:2018-17-360 11:12:44
2018-12-26 11:17:44.463  INFO 8752 --- [Thread-2] o.s.a.r.l.SimpleMessageListenerContainer : Successfully waited for workers to finish.
2018-12-26 11:17:44.604  INFO 8752 --- [Thread-2] o.s.a.r.l.SimpleMessageListenerContainer : Waiting for workers to finish.
2018-12-26 11:17:45.042  INFO 8752 --- [Thread-2] o.s.a.r.l.SimpleMessageListenerContainer : Successfully waited for workers to finish.
2018-12-26 11:17:45.042  INFO 8752 --- [Thread-2] o.s.a.r.l.SimpleMessageListenerContainer : Shutdown ignored - container is not active already
2018-12-26 11:17:45.042  INFO 8752 --- [Thread-2] o.s.a.r.l.SimpleMessageListenerContainer : Shutdown ignored - container is not active already
2018-12-26 11:17:45.042  INFO 8752 --- [Thread-2] o.s.s.concurrent.ThreadPoolTaskExecutor  : Shutting down ExecutorService 'applicationTaskExecutor'
2018-12-26 11:17:45.776  INFO 8752 --- [Thread-2] j.LocalContainerEntityManagerFactoryBean : Closing JPA EntityManagerFactory for persistence unit 'default'
2018-12-26 11:17:45.790  INFO 8752 --- [Thread-2] com.alibaba.druid.pool.DruidDataSource   : {dataSource-1} closed
2018-12-26 11:20:44.846  INFO 7292 --- [RMI TCP Connection(2)-127.0.0.1] inMXBeanRegistrar$SpringApplicationAdmin : Application shutdown requested.
2018-12-26 11:20:45.035  INFO 7292 --- [RMI TCP Connection(2)-127.0.0.1] o.s.a.r.l.SimpleMessageListenerContainer : Waiting for workers to finish.
2018-12-26 11:20:45.379  INFO 7292 --- [RMI TCP Connection(2)-127.0.0.1] o.s.a.r.l.SimpleMessageListenerContainer : Successfully waited for workers to finish.
2018-12-26 11:20:45.535  INFO 7292 --- [RMI TCP Connection(2)-127.0.0.1] o.s.a.r.l.SimpleMessageListenerContainer : Waiting for workers to finish.
2018-12-26 11:20:45.566  INFO 7292 --- [RMI TCP Connection(2)-127.0.0.1] o.s.a.r.l.SimpleMessageListenerContainer : Successfully waited for workers to finish.
2018-12-26 11:20:45.566  INFO 7292 --- [RMI TCP Connection(2)-127.0.0.1] o.s.a.r.l.SimpleMessageListenerContainer : Shutdown ignored - container is not active already
2018-12-26 11:20:45.566  INFO 7292 --- [RMI TCP Connection(2)-127.0.0.1] o.s.a.r.l.SimpleMessageListenerContainer : Shutdown ignored - container is not active already
2018-12-26 11:20:45.566  INFO 7292 --- [RMI TCP Connection(2)-127.0.0.1] o.s.s.concurrent.ThreadPoolTaskExecutor  : Shutting down ExecutorService 'applicationTaskExecutor'
2018-12-26 11:20:45.738  INFO 7292 --- [RMI TCP Connection(2)-127.0.0.1] j.LocalContainerEntityManagerFactoryBean : Closing JPA EntityManagerFactory for persistence unit 'default'
2018-12-26 11:20:45.738  INFO 7292 --- [RMI TCP Connection(2)-127.0.0.1] com.alibaba.druid.pool.DruidDataSource   : {dataSource-1} closed
2018-12-26 11:22:34.390 DEBUG 4428 --- [background-preinit] .h.v.m.ResourceBundleMessageInterpolator : Loaded expression factory via original TCCL
2018-12-26 11:22:34.461  INFO 4428 --- [main] cn.northpark.NpMqApplication             : Starting NpMqApplication on tkamcw-zhangyang with PID 4428 (D:\workspace\np-mq\target\classes started by w_zhangyang in D:\workspace\np-mq)
2018-12-26 11:22:34.461  INFO 4428 --- [main] cn.northpark.NpMqApplication             : No active profile set, falling back to default profiles: default
2018-12-26 11:22:35.032  INFO 4428 --- [main] .s.d.r.c.RepositoryConfigurationDelegate : Bootstrapping Spring Data repositories in DEFAULT mode.
2018-12-26 11:22:35.047  INFO 4428 --- [main] .s.d.r.c.RepositoryConfigurationDelegate : Finished Spring Data repository scanning in 0ms. Found 0 repository interfaces.
2018-12-26 11:22:35.282  INFO 4428 --- [main] trationDelegate$BeanPostProcessorChecker : Bean 'org.springframework.amqp.rabbit.annotation.RabbitBootstrapConfiguration' of type [org.springframework.amqp.rabbit.annotation.RabbitBootstrapConfiguration$$EnhancerBySpringCGLIB$$4608429] is not eligible for getting processed by all BeanPostProcessors (for example: not eligible for auto-proxying)
2018-12-26 11:22:35.329  INFO 4428 --- [main] trationDelegate$BeanPostProcessorChecker : Bean 'org.springframework.transaction.annotation.ProxyTransactionManagementConfiguration' of type [org.springframework.transaction.annotation.ProxyTransactionManagementConfiguration$$EnhancerBySpringCGLIB$$3df4c5fb] is not eligible for getting processed by all BeanPostProcessors (for example: not eligible for auto-proxying)
2018-12-26 11:22:35.610  INFO 4428 --- [main] o.s.b.w.embedded.tomcat.TomcatWebServer  : Tomcat initialized with port(s): 4000 (http)
2018-12-26 11:22:35.625  INFO 4428 --- [main] o.apache.catalina.core.StandardService   : Starting service [Tomcat]
2018-12-26 11:22:35.625  INFO 4428 --- [main] org.apache.catalina.core.StandardEngine  : Starting Servlet Engine: Apache Tomcat/9.0.13
2018-12-26 11:22:35.640  INFO 4428 --- [main] o.a.catalina.core.AprLifecycleListener   : The APR based Apache Tomcat Native library which allows optimal performance in production environments was not found on the java.library.path: [C:\Program Files\Java\jre1.8.0_162\bin;C:\WINDOWS\Sun\Java\bin;C:\WINDOWS\system32;C:\WINDOWS;C:/Program Files/Java/jre1.8.0_162/bin/server;C:/Program Files/Java/jre1.8.0_162/bin;C:/Program Files/Java/jre1.8.0_162/lib/amd64;%SystemRoot%\system32\WBEM;C:\WINDOWS\system32\WBEM;C:\WINDOWS\system32\WBEM;C:\WINDOWS\system32\WBEM;C:\WINDOWS\system32\WBEM;C:\ProgramData\Oracle\Java\javapath;C:\WINDOWS\system32;C:\WINDOWS;C:\WINDOWS\System32\Wbem;C:\WINDOWS\System32\WindowsPowerShell\v1.0\;C:\Program Files\Java\jdk1.8.0_162_x64\bin;D:\maven-3.3.9\bin;C:\Program Files\TortoiseSVN\bin;C:\Program Files\Git\cmd;C:\Program Files\nodejs\;C:\Program Files (x86)\Common Files\Thunder Network\KanKan\Codecs;C:\Users\w_zhangyang\AppData\Roaming\npm;C:\Users\w_zhangyang\AppData\Local\Microsoft\WindowsApps;C:\adb;D:\gradle-4.7\bin;D:\效率\mactype-2017-628-portable;E:\qshell-v2.2.0;C:\Users\w_zhangyang\AppData\Local\Programs\EmEditor;C:\Users\w_zhangyang\AppData\Roaming\npm;C:\Users\w_zhangyang\AppData\Local\Microsoft\WindowsApps;;C:\Users\w_zhangyang\AppData\Local\Programs\EmEditor;E:\SpringTools\sts-bundle\sts-3.9.4.RELEASE;;.]
2018-12-26 11:22:35.812  INFO 4428 --- [main] o.a.c.c.C.[Tomcat].[localhost].[/]       : Initializing Spring embedded WebApplicationContext
2018-12-26 11:22:35.812  INFO 4428 --- [main] o.s.web.context.ContextLoader            : Root WebApplicationContext: initialization completed in 1320 ms
2018-12-26 11:22:35.902  INFO 4428 --- [main] c.a.d.s.b.a.DruidDataSourceAutoConfigure : Init DruidDataSource
2018-12-26 11:22:36.100  INFO 4428 --- [main] com.alibaba.druid.pool.DruidDataSource   : {dataSource-1} inited
2018-12-26 11:22:37.772  INFO 4428 --- [main] o.hibernate.jpa.internal.util.LogHelper  : HHH000204: Processing PersistenceUnitInfo [
	name: default
	...]
2018-12-26 11:22:37.820  INFO 4428 --- [main] org.hibernate.Version                    : HHH000412: Hibernate Core {5.3.7.Final}
2018-12-26 11:22:37.820  INFO 4428 --- [main] org.hibernate.cfg.Environment            : HHH000206: hibernate.properties not found
2018-12-26 11:22:37.929  INFO 4428 --- [main] o.hibernate.annotations.common.Version   : HCANN000001: Hibernate Commons Annotations {5.0.4.Final}
2018-12-26 11:22:38.023  INFO 4428 --- [main] org.hibernate.dialect.Dialect            : HHH000400: Using dialect: org.hibernate.dialect.MySQL5Dialect
2018-12-26 11:22:38.163  INFO 4428 --- [main] j.LocalContainerEntityManagerFactoryBean : Initialized JPA EntityManagerFactory for persistence unit 'default'
2018-12-26 11:22:38.398  INFO 4428 --- [main] o.s.s.concurrent.ThreadPoolTaskExecutor  : Initializing ExecutorService 'applicationTaskExecutor'
2018-12-26 11:22:38.429  WARN 4428 --- [main] aWebConfiguration$JpaWebMvcConfiguration : spring.jpa.open-in-view is enabled by default. Therefore, database queries may be performed during view rendering. Explicitly configure spring.jpa.open-in-view to disable this warning
2018-12-26 11:22:38.679  INFO 4428 --- [main] o.s.a.r.c.CachingConnectionFactory       : Attempting to connect to: [35.241.93.104:5672]
2018-12-26 11:22:39.300  INFO 4428 --- [main] o.s.a.r.c.CachingConnectionFactory       : Created new connection: rabbitConnectionFactory#656922a0:0/SimpleConnection@2eda072 [delegate=amqp://liuhouer@35.241.93.104:5672/, localPort= 60203]
2018-12-26 11:22:41.156  WARN 4428 --- [SimpleAsyncTaskExecutor-1] o.s.a.r.listener.BlockingQueueConsumer   : Failed to declare queue: mail
2018-12-26 11:22:41.161  WARN 4428 --- [SimpleAsyncTaskExecutor-1] o.s.a.r.listener.BlockingQueueConsumer   : Queue declaration failed; retries left=3

org.springframework.amqp.rabbit.listener.BlockingQueueConsumer$DeclarationException: Failed to declare queue(s):[mail]
	at org.springframework.amqp.rabbit.listener.BlockingQueueConsumer.attemptPassiveDeclarations(BlockingQueueConsumer.java:696) ~[spring-rabbit-2.1.2.RELEASE.jar:2.1.2.RELEASE]
	at org.springframework.amqp.rabbit.listener.BlockingQueueConsumer.start(BlockingQueueConsumer.java:585) ~[spring-rabbit-2.1.2.RELEASE.jar:2.1.2.RELEASE]
	at org.springframework.amqp.rabbit.listener.SimpleMessageListenerContainer$AsyncMessageProcessingConsumer.run(SimpleMessageListenerContainer.java:1027) [spring-rabbit-2.1.2.RELEASE.jar:2.1.2.RELEASE]
	at java.lang.Thread.run(Unknown Source) [na:1.8.0_162]
Caused by: java.io.IOException: null
	at com.rabbitmq.client.impl.AMQChannel.wrap(AMQChannel.java:126) ~[amqp-client-5.4.3.jar:5.4.3]
	at com.rabbitmq.client.impl.AMQChannel.wrap(AMQChannel.java:122) ~[amqp-client-5.4.3.jar:5.4.3]
	at com.rabbitmq.client.impl.AMQChannel.exnWrappingRpc(AMQChannel.java:144) ~[amqp-client-5.4.3.jar:5.4.3]
	at com.rabbitmq.client.impl.ChannelN.queueDeclarePassive(ChannelN.java:1006) ~[amqp-client-5.4.3.jar:5.4.3]
	at com.rabbitmq.client.impl.ChannelN.queueDeclarePassive(ChannelN.java:52) ~[amqp-client-5.4.3.jar:5.4.3]
	at org.springframework.amqp.rabbit.connection.PublisherCallbackChannelImpl.queueDeclarePassive(PublisherCallbackChannelImpl.java:361) ~[spring-rabbit-2.1.2.RELEASE.jar:2.1.2.RELEASE]
	at sun.reflect.NativeMethodAccessorImpl.invoke0(Native Method) ~[na:1.8.0_162]
	at sun.reflect.NativeMethodAccessorImpl.invoke(Unknown Source) ~[na:1.8.0_162]
	at sun.reflect.DelegatingMethodAccessorImpl.invoke(Unknown Source) ~[na:1.8.0_162]
	at java.lang.reflect.Method.invoke(Unknown Source) ~[na:1.8.0_162]
	at org.springframework.amqp.rabbit.connection.CachingConnectionFactory$CachedChannelInvocationHandler.invoke(CachingConnectionFactory.java:1110) ~[spring-rabbit-2.1.2.RELEASE.jar:2.1.2.RELEASE]
	at com.sun.proxy.$Proxy80.queueDeclarePassive(Unknown Source) ~[na:na]
	at org.springframework.amqp.rabbit.listener.BlockingQueueConsumer.attemptPassiveDeclarations(BlockingQueueConsumer.java:675) ~[spring-rabbit-2.1.2.RELEASE.jar:2.1.2.RELEASE]
	... 3 common frames omitted
Caused by: com.rabbitmq.client.ShutdownSignalException: channel error; protocol method: #method<channel.close>(reply-code=404, reply-text=NOT_FOUND - no queue 'mail' in vhost '/', class-id=50, method-id=10)
	at com.rabbitmq.utility.ValueOrException.getValue(ValueOrException.java:66) ~[amqp-client-5.4.3.jar:5.4.3]
	at com.rabbitmq.utility.BlockingValueOrException.uninterruptibleGetValue(BlockingValueOrException.java:36) ~[amqp-client-5.4.3.jar:5.4.3]
	at com.rabbitmq.client.impl.AMQChannel$BlockingRpcContinuation.getReply(AMQChannel.java:494) ~[amqp-client-5.4.3.jar:5.4.3]
	at com.rabbitmq.client.impl.AMQChannel.privateRpc(AMQChannel.java:288) ~[amqp-client-5.4.3.jar:5.4.3]
	at com.rabbitmq.client.impl.AMQChannel.exnWrappingRpc(AMQChannel.java:138) ~[amqp-client-5.4.3.jar:5.4.3]
	... 13 common frames omitted
Caused by: com.rabbitmq.client.ShutdownSignalException: channel error; protocol method: #method<channel.close>(reply-code=404, reply-text=NOT_FOUND - no queue 'mail' in vhost '/', class-id=50, method-id=10)
	at com.rabbitmq.client.impl.ChannelN.asyncShutdown(ChannelN.java:516) ~[amqp-client-5.4.3.jar:5.4.3]
	at com.rabbitmq.client.impl.ChannelN.processAsync(ChannelN.java:346) ~[amqp-client-5.4.3.jar:5.4.3]
	at com.rabbitmq.client.impl.AMQChannel.handleCompleteInboundCommand(AMQChannel.java:178) ~[amqp-client-5.4.3.jar:5.4.3]
	at com.rabbitmq.client.impl.AMQChannel.handleFrame(AMQChannel.java:111) ~[amqp-client-5.4.3.jar:5.4.3]
	at com.rabbitmq.client.impl.AMQConnection.readFrame(AMQConnection.java:670) ~[amqp-client-5.4.3.jar:5.4.3]
	at com.rabbitmq.client.impl.AMQConnection.access$300(AMQConnection.java:48) ~[amqp-client-5.4.3.jar:5.4.3]
	at com.rabbitmq.client.impl.AMQConnection$MainLoop.run(AMQConnection.java:597) ~[amqp-client-5.4.3.jar:5.4.3]
	... 1 common frames omitted

2018-12-26 11:22:46.609  WARN 4428 --- [SimpleAsyncTaskExecutor-1] o.s.a.r.listener.BlockingQueueConsumer   : Failed to declare queue: mail
2018-12-26 11:22:46.623  WARN 4428 --- [SimpleAsyncTaskExecutor-1] o.s.a.r.listener.BlockingQueueConsumer   : Queue declaration failed; retries left=2

org.springframework.amqp.rabbit.listener.BlockingQueueConsumer$DeclarationException: Failed to declare queue(s):[mail]
	at org.springframework.amqp.rabbit.listener.BlockingQueueConsumer.attemptPassiveDeclarations(BlockingQueueConsumer.java:696) ~[spring-rabbit-2.1.2.RELEASE.jar:2.1.2.RELEASE]
	at org.springframework.amqp.rabbit.listener.BlockingQueueConsumer.start(BlockingQueueConsumer.java:585) ~[spring-rabbit-2.1.2.RELEASE.jar:2.1.2.RELEASE]
	at org.springframework.amqp.rabbit.listener.SimpleMessageListenerContainer$AsyncMessageProcessingConsumer.run(SimpleMessageListenerContainer.java:1027) [spring-rabbit-2.1.2.RELEASE.jar:2.1.2.RELEASE]
	at java.lang.Thread.run(Unknown Source) [na:1.8.0_162]
Caused by: java.io.IOException: null
	at com.rabbitmq.client.impl.AMQChannel.wrap(AMQChannel.java:126) ~[amqp-client-5.4.3.jar:5.4.3]
	at com.rabbitmq.client.impl.AMQChannel.wrap(AMQChannel.java:122) ~[amqp-client-5.4.3.jar:5.4.3]
	at com.rabbitmq.client.impl.AMQChannel.exnWrappingRpc(AMQChannel.java:144) ~[amqp-client-5.4.3.jar:5.4.3]
	at com.rabbitmq.client.impl.ChannelN.queueDeclarePassive(ChannelN.java:1006) ~[amqp-client-5.4.3.jar:5.4.3]
	at com.rabbitmq.client.impl.ChannelN.queueDeclarePassive(ChannelN.java:52) ~[amqp-client-5.4.3.jar:5.4.3]
	at org.springframework.amqp.rabbit.connection.PublisherCallbackChannelImpl.queueDeclarePassive(PublisherCallbackChannelImpl.java:361) ~[spring-rabbit-2.1.2.RELEASE.jar:2.1.2.RELEASE]
	at sun.reflect.NativeMethodAccessorImpl.invoke0(Native Method) ~[na:1.8.0_162]
	at sun.reflect.NativeMethodAccessorImpl.invoke(Unknown Source) ~[na:1.8.0_162]
	at sun.reflect.DelegatingMethodAccessorImpl.invoke(Unknown Source) ~[na:1.8.0_162]
	at java.lang.reflect.Method.invoke(Unknown Source) ~[na:1.8.0_162]
	at org.springframework.amqp.rabbit.connection.CachingConnectionFactory$CachedChannelInvocationHandler.invoke(CachingConnectionFactory.java:1110) ~[spring-rabbit-2.1.2.RELEASE.jar:2.1.2.RELEASE]
	at com.sun.proxy.$Proxy80.queueDeclarePassive(Unknown Source) ~[na:na]
	at org.springframework.amqp.rabbit.listener.BlockingQueueConsumer.attemptPassiveDeclarations(BlockingQueueConsumer.java:675) ~[spring-rabbit-2.1.2.RELEASE.jar:2.1.2.RELEASE]
	... 3 common frames omitted
Caused by: com.rabbitmq.client.ShutdownSignalException: channel error; protocol method: #method<channel.close>(reply-code=404, reply-text=NOT_FOUND - no queue 'mail' in vhost '/', class-id=50, method-id=10)
	at com.rabbitmq.utility.ValueOrException.getValue(ValueOrException.java:66) ~[amqp-client-5.4.3.jar:5.4.3]
	at com.rabbitmq.utility.BlockingValueOrException.uninterruptibleGetValue(BlockingValueOrException.java:36) ~[amqp-client-5.4.3.jar:5.4.3]
	at com.rabbitmq.client.impl.AMQChannel$BlockingRpcContinuation.getReply(AMQChannel.java:494) ~[amqp-client-5.4.3.jar:5.4.3]
	at com.rabbitmq.client.impl.AMQChannel.privateRpc(AMQChannel.java:288) ~[amqp-client-5.4.3.jar:5.4.3]
	at com.rabbitmq.client.impl.AMQChannel.exnWrappingRpc(AMQChannel.java:138) ~[amqp-client-5.4.3.jar:5.4.3]
	... 13 common frames omitted
Caused by: com.rabbitmq.client.ShutdownSignalException: channel error; protocol method: #method<channel.close>(reply-code=404, reply-text=NOT_FOUND - no queue 'mail' in vhost '/', class-id=50, method-id=10)
	at com.rabbitmq.client.impl.ChannelN.asyncShutdown(ChannelN.java:516) ~[amqp-client-5.4.3.jar:5.4.3]
	at com.rabbitmq.client.impl.ChannelN.processAsync(ChannelN.java:346) ~[amqp-client-5.4.3.jar:5.4.3]
	at com.rabbitmq.client.impl.AMQChannel.handleCompleteInboundCommand(AMQChannel.java:178) ~[amqp-client-5.4.3.jar:5.4.3]
	at com.rabbitmq.client.impl.AMQChannel.handleFrame(AMQChannel.java:111) ~[amqp-client-5.4.3.jar:5.4.3]
	at com.rabbitmq.client.impl.AMQConnection.readFrame(AMQConnection.java:670) ~[amqp-client-5.4.3.jar:5.4.3]
	at com.rabbitmq.client.impl.AMQConnection.access$300(AMQConnection.java:48) ~[amqp-client-5.4.3.jar:5.4.3]
	at com.rabbitmq.client.impl.AMQConnection$MainLoop.run(AMQConnection.java:597) ~[amqp-client-5.4.3.jar:5.4.3]
	... 1 common frames omitted

2018-12-26 11:22:52.073  WARN 4428 --- [SimpleAsyncTaskExecutor-1] o.s.a.r.listener.BlockingQueueConsumer   : Failed to declare queue: mail
2018-12-26 11:22:52.078  WARN 4428 --- [SimpleAsyncTaskExecutor-1] o.s.a.r.listener.BlockingQueueConsumer   : Queue declaration failed; retries left=1

org.springframework.amqp.rabbit.listener.BlockingQueueConsumer$DeclarationException: Failed to declare queue(s):[mail]
	at org.springframework.amqp.rabbit.listener.BlockingQueueConsumer.attemptPassiveDeclarations(BlockingQueueConsumer.java:696) ~[spring-rabbit-2.1.2.RELEASE.jar:2.1.2.RELEASE]
	at org.springframework.amqp.rabbit.listener.BlockingQueueConsumer.start(BlockingQueueConsumer.java:585) ~[spring-rabbit-2.1.2.RELEASE.jar:2.1.2.RELEASE]
	at org.springframework.amqp.rabbit.listener.SimpleMessageListenerContainer$AsyncMessageProcessingConsumer.run(SimpleMessageListenerContainer.java:1027) [spring-rabbit-2.1.2.RELEASE.jar:2.1.2.RELEASE]
	at java.lang.Thread.run(Unknown Source) [na:1.8.0_162]
Caused by: java.io.IOException: null
	at com.rabbitmq.client.impl.AMQChannel.wrap(AMQChannel.java:126) ~[amqp-client-5.4.3.jar:5.4.3]
	at com.rabbitmq.client.impl.AMQChannel.wrap(AMQChannel.java:122) ~[amqp-client-5.4.3.jar:5.4.3]
	at com.rabbitmq.client.impl.AMQChannel.exnWrappingRpc(AMQChannel.java:144) ~[amqp-client-5.4.3.jar:5.4.3]
	at com.rabbitmq.client.impl.ChannelN.queueDeclarePassive(ChannelN.java:1006) ~[amqp-client-5.4.3.jar:5.4.3]
	at com.rabbitmq.client.impl.ChannelN.queueDeclarePassive(ChannelN.java:52) ~[amqp-client-5.4.3.jar:5.4.3]
	at org.springframework.amqp.rabbit.connection.PublisherCallbackChannelImpl.queueDeclarePassive(PublisherCallbackChannelImpl.java:361) ~[spring-rabbit-2.1.2.RELEASE.jar:2.1.2.RELEASE]
	at sun.reflect.NativeMethodAccessorImpl.invoke0(Native Method) ~[na:1.8.0_162]
	at sun.reflect.NativeMethodAccessorImpl.invoke(Unknown Source) ~[na:1.8.0_162]
	at sun.reflect.DelegatingMethodAccessorImpl.invoke(Unknown Source) ~[na:1.8.0_162]
	at java.lang.reflect.Method.invoke(Unknown Source) ~[na:1.8.0_162]
	at org.springframework.amqp.rabbit.connection.CachingConnectionFactory$CachedChannelInvocationHandler.invoke(CachingConnectionFactory.java:1110) ~[spring-rabbit-2.1.2.RELEASE.jar:2.1.2.RELEASE]
	at com.sun.proxy.$Proxy80.queueDeclarePassive(Unknown Source) ~[na:na]
	at org.springframework.amqp.rabbit.listener.BlockingQueueConsumer.attemptPassiveDeclarations(BlockingQueueConsumer.java:675) ~[spring-rabbit-2.1.2.RELEASE.jar:2.1.2.RELEASE]
	... 3 common frames omitted
Caused by: com.rabbitmq.client.ShutdownSignalException: channel error; protocol method: #method<channel.close>(reply-code=404, reply-text=NOT_FOUND - no queue 'mail' in vhost '/', class-id=50, method-id=10)
	at com.rabbitmq.utility.ValueOrException.getValue(ValueOrException.java:66) ~[amqp-client-5.4.3.jar:5.4.3]
	at com.rabbitmq.utility.BlockingValueOrException.uninterruptibleGetValue(BlockingValueOrException.java:36) ~[amqp-client-5.4.3.jar:5.4.3]
	at com.rabbitmq.client.impl.AMQChannel$BlockingRpcContinuation.getReply(AMQChannel.java:494) ~[amqp-client-5.4.3.jar:5.4.3]
	at com.rabbitmq.client.impl.AMQChannel.privateRpc(AMQChannel.java:288) ~[amqp-client-5.4.3.jar:5.4.3]
	at com.rabbitmq.client.impl.AMQChannel.exnWrappingRpc(AMQChannel.java:138) ~[amqp-client-5.4.3.jar:5.4.3]
	... 13 common frames omitted
Caused by: com.rabbitmq.client.ShutdownSignalException: channel error; protocol method: #method<channel.close>(reply-code=404, reply-text=NOT_FOUND - no queue 'mail' in vhost '/', class-id=50, method-id=10)
	at com.rabbitmq.client.impl.ChannelN.asyncShutdown(ChannelN.java:516) ~[amqp-client-5.4.3.jar:5.4.3]
	at com.rabbitmq.client.impl.ChannelN.processAsync(ChannelN.java:346) ~[amqp-client-5.4.3.jar:5.4.3]
	at com.rabbitmq.client.impl.AMQChannel.handleCompleteInboundCommand(AMQChannel.java:178) ~[amqp-client-5.4.3.jar:5.4.3]
	at com.rabbitmq.client.impl.AMQChannel.handleFrame(AMQChannel.java:111) ~[amqp-client-5.4.3.jar:5.4.3]
	at com.rabbitmq.client.impl.AMQConnection.readFrame(AMQConnection.java:670) ~[amqp-client-5.4.3.jar:5.4.3]
	at com.rabbitmq.client.impl.AMQConnection.access$300(AMQConnection.java:48) ~[amqp-client-5.4.3.jar:5.4.3]
	at com.rabbitmq.client.impl.AMQConnection$MainLoop.run(AMQConnection.java:597) ~[amqp-client-5.4.3.jar:5.4.3]
	... 1 common frames omitted

2018-12-26 11:22:57.579  WARN 4428 --- [SimpleAsyncTaskExecutor-1] o.s.a.r.listener.BlockingQueueConsumer   : Failed to declare queue: mail
2018-12-26 11:22:57.584 ERROR 4428 --- [SimpleAsyncTaskExecutor-1] o.s.a.r.l.SimpleMessageListenerContainer : Consumer received fatal=false exception on startup

org.springframework.amqp.rabbit.listener.QueuesNotAvailableException: Cannot prepare queue for listener. Either the queue doesn't exist or the broker will not allow us to use it.
	at org.springframework.amqp.rabbit.listener.BlockingQueueConsumer.start(BlockingQueueConsumer.java:617) ~[spring-rabbit-2.1.2.RELEASE.jar:2.1.2.RELEASE]
	at org.springframework.amqp.rabbit.listener.SimpleMessageListenerContainer$AsyncMessageProcessingConsumer.run(SimpleMessageListenerContainer.java:1027) ~[spring-rabbit-2.1.2.RELEASE.jar:2.1.2.RELEASE]
	at java.lang.Thread.run(Unknown Source) [na:1.8.0_162]
Caused by: org.springframework.amqp.rabbit.listener.BlockingQueueConsumer$DeclarationException: Failed to declare queue(s):[mail]
	at org.springframework.amqp.rabbit.listener.BlockingQueueConsumer.attemptPassiveDeclarations(BlockingQueueConsumer.java:696) ~[spring-rabbit-2.1.2.RELEASE.jar:2.1.2.RELEASE]
	at org.springframework.amqp.rabbit.listener.BlockingQueueConsumer.start(BlockingQueueConsumer.java:585) ~[spring-rabbit-2.1.2.RELEASE.jar:2.1.2.RELEASE]
	... 2 common frames omitted
Caused by: java.io.IOException: null
	at com.rabbitmq.client.impl.AMQChannel.wrap(AMQChannel.java:126) ~[amqp-client-5.4.3.jar:5.4.3]
	at com.rabbitmq.client.impl.AMQChannel.wrap(AMQChannel.java:122) ~[amqp-client-5.4.3.jar:5.4.3]
	at com.rabbitmq.client.impl.AMQChannel.exnWrappingRpc(AMQChannel.java:144) ~[amqp-client-5.4.3.jar:5.4.3]
	at com.rabbitmq.client.impl.ChannelN.queueDeclarePassive(ChannelN.java:1006) ~[amqp-client-5.4.3.jar:5.4.3]
	at com.rabbitmq.client.impl.ChannelN.queueDeclarePassive(ChannelN.java:52) ~[amqp-client-5.4.3.jar:5.4.3]
	at org.springframework.amqp.rabbit.connection.PublisherCallbackChannelImpl.queueDeclarePassive(PublisherCallbackChannelImpl.java:361) ~[spring-rabbit-2.1.2.RELEASE.jar:2.1.2.RELEASE]
	at sun.reflect.NativeMethodAccessorImpl.invoke0(Native Method) ~[na:1.8.0_162]
	at sun.reflect.NativeMethodAccessorImpl.invoke(Unknown Source) ~[na:1.8.0_162]
	at sun.reflect.DelegatingMethodAccessorImpl.invoke(Unknown Source) ~[na:1.8.0_162]
	at java.lang.reflect.Method.invoke(Unknown Source) ~[na:1.8.0_162]
	at org.springframework.amqp.rabbit.connection.CachingConnectionFactory$CachedChannelInvocationHandler.invoke(CachingConnectionFactory.java:1110) ~[spring-rabbit-2.1.2.RELEASE.jar:2.1.2.RELEASE]
	at com.sun.proxy.$Proxy80.queueDeclarePassive(Unknown Source) ~[na:na]
	at org.springframework.amqp.rabbit.listener.BlockingQueueConsumer.attemptPassiveDeclarations(BlockingQueueConsumer.java:675) ~[spring-rabbit-2.1.2.RELEASE.jar:2.1.2.RELEASE]
	... 3 common frames omitted
Caused by: com.rabbitmq.client.ShutdownSignalException: channel error; protocol method: #method<channel.close>(reply-code=404, reply-text=NOT_FOUND - no queue 'mail' in vhost '/', class-id=50, method-id=10)
	at com.rabbitmq.utility.ValueOrException.getValue(ValueOrException.java:66) ~[amqp-client-5.4.3.jar:5.4.3]
	at com.rabbitmq.utility.BlockingValueOrException.uninterruptibleGetValue(BlockingValueOrException.java:36) ~[amqp-client-5.4.3.jar:5.4.3]
	at com.rabbitmq.client.impl.AMQChannel$BlockingRpcContinuation.getReply(AMQChannel.java:494) ~[amqp-client-5.4.3.jar:5.4.3]
	at com.rabbitmq.client.impl.AMQChannel.privateRpc(AMQChannel.java:288) ~[amqp-client-5.4.3.jar:5.4.3]
	at com.rabbitmq.client.impl.AMQChannel.exnWrappingRpc(AMQChannel.java:138) ~[amqp-client-5.4.3.jar:5.4.3]
	... 13 common frames omitted
Caused by: com.rabbitmq.client.ShutdownSignalException: channel error; protocol method: #method<channel.close>(reply-code=404, reply-text=NOT_FOUND - no queue 'mail' in vhost '/', class-id=50, method-id=10)
	at com.rabbitmq.client.impl.ChannelN.asyncShutdown(ChannelN.java:516) ~[amqp-client-5.4.3.jar:5.4.3]
	at com.rabbitmq.client.impl.ChannelN.processAsync(ChannelN.java:346) ~[amqp-client-5.4.3.jar:5.4.3]
	at com.rabbitmq.client.impl.AMQChannel.handleCompleteInboundCommand(AMQChannel.java:178) ~[amqp-client-5.4.3.jar:5.4.3]
	at com.rabbitmq.client.impl.AMQChannel.handleFrame(AMQChannel.java:111) ~[amqp-client-5.4.3.jar:5.4.3]
	at com.rabbitmq.client.impl.AMQConnection.readFrame(AMQConnection.java:670) ~[amqp-client-5.4.3.jar:5.4.3]
	at com.rabbitmq.client.impl.AMQConnection.access$300(AMQConnection.java:48) ~[amqp-client-5.4.3.jar:5.4.3]
	at com.rabbitmq.client.impl.AMQConnection$MainLoop.run(AMQConnection.java:597) ~[amqp-client-5.4.3.jar:5.4.3]
	... 1 common frames omitted

2018-12-26 11:22:57.584  WARN 4428 --- [main] ConfigServletWebServerApplicationContext : Exception encountered during context initialization - cancelling refresh attempt: org.springframework.context.ApplicationContextException: Failed to start bean 'org.springframework.amqp.rabbit.config.internalRabbitListenerEndpointRegistry'; nested exception is org.springframework.amqp.AmqpIllegalStateException: Fatal exception on listener startup
2018-12-26 11:22:57.584 ERROR 4428 --- [SimpleAsyncTaskExecutor-1] o.s.a.r.l.SimpleMessageListenerContainer : Stopping container from aborted consumer
2018-12-26 11:22:57.584  INFO 4428 --- [SimpleAsyncTaskExecutor-1] o.s.a.r.l.SimpleMessageListenerContainer : Waiting for workers to finish.
2018-12-26 11:22:57.584  INFO 4428 --- [SimpleAsyncTaskExecutor-1] o.s.a.r.l.SimpleMessageListenerContainer : Successfully waited for workers to finish.
2018-12-26 11:22:57.725  INFO 4428 --- [main] o.s.a.r.l.SimpleMessageListenerContainer : Waiting for workers to finish.
2018-12-26 11:22:58.533  INFO 4428 --- [main] o.s.a.r.l.SimpleMessageListenerContainer : Successfully waited for workers to finish.
2018-12-26 11:22:58.533  INFO 4428 --- [main] o.s.a.r.l.SimpleMessageListenerContainer : Shutdown ignored - container is not active already
2018-12-26 11:22:58.533  INFO 4428 --- [main] o.s.s.concurrent.ThreadPoolTaskExecutor  : Shutting down ExecutorService 'applicationTaskExecutor'
2018-12-26 11:22:58.689  INFO 4428 --- [main] j.LocalContainerEntityManagerFactoryBean : Closing JPA EntityManagerFactory for persistence unit 'default'
2018-12-26 11:22:58.696  INFO 4428 --- [main] com.alibaba.druid.pool.DruidDataSource   : {dataSource-1} closed
2018-12-26 11:22:58.696  INFO 4428 --- [main] o.apache.catalina.core.StandardService   : Stopping service [Tomcat]
2018-12-26 11:22:58.712  INFO 4428 --- [main] ConditionEvaluationReportLoggingListener : 

Error starting ApplicationContext. To display the conditions report re-run your application with 'debug' enabled.
2018-12-26 11:22:58.712 ERROR 4428 --- [main] o.s.boot.SpringApplication               : Application run failed

org.springframework.context.ApplicationContextException: Failed to start bean 'org.springframework.amqp.rabbit.config.internalRabbitListenerEndpointRegistry'; nested exception is org.springframework.amqp.AmqpIllegalStateException: Fatal exception on listener startup
	at org.springframework.context.support.DefaultLifecycleProcessor.doStart(DefaultLifecycleProcessor.java:185) ~[spring-context-5.1.3.RELEASE.jar:5.1.3.RELEASE]
	at org.springframework.context.support.DefaultLifecycleProcessor.access$200(DefaultLifecycleProcessor.java:53) ~[spring-context-5.1.3.RELEASE.jar:5.1.3.RELEASE]
	at org.springframework.context.support.DefaultLifecycleProcessor$LifecycleGroup.start(DefaultLifecycleProcessor.java:360) ~[spring-context-5.1.3.RELEASE.jar:5.1.3.RELEASE]
	at org.springframework.context.support.DefaultLifecycleProcessor.startBeans(DefaultLifecycleProcessor.java:158) ~[spring-context-5.1.3.RELEASE.jar:5.1.3.RELEASE]
	at org.springframework.context.support.DefaultLifecycleProcessor.onRefresh(DefaultLifecycleProcessor.java:122) ~[spring-context-5.1.3.RELEASE.jar:5.1.3.RELEASE]
	at org.springframework.context.support.AbstractApplicationContext.finishRefresh(AbstractApplicationContext.java:879) ~[spring-context-5.1.3.RELEASE.jar:5.1.3.RELEASE]
	at org.springframework.boot.web.servlet.context.ServletWebServerApplicationContext.finishRefresh(ServletWebServerApplicationContext.java:163) ~[spring-boot-2.1.1.RELEASE.jar:2.1.1.RELEASE]
	at org.springframework.context.support.AbstractApplicationContext.refresh(AbstractApplicationContext.java:549) ~[spring-context-5.1.3.RELEASE.jar:5.1.3.RELEASE]
	at org.springframework.boot.web.servlet.context.ServletWebServerApplicationContext.refresh(ServletWebServerApplicationContext.java:142) ~[spring-boot-2.1.1.RELEASE.jar:2.1.1.RELEASE]
	at org.springframework.boot.SpringApplication.refresh(SpringApplication.java:775) [spring-boot-2.1.1.RELEASE.jar:2.1.1.RELEASE]
	at org.springframework.boot.SpringApplication.refreshContext(SpringApplication.java:397) [spring-boot-2.1.1.RELEASE.jar:2.1.1.RELEASE]
	at org.springframework.boot.SpringApplication.run(SpringApplication.java:316) [spring-boot-2.1.1.RELEASE.jar:2.1.1.RELEASE]
	at org.springframework.boot.SpringApplication.run(SpringApplication.java:1260) [spring-boot-2.1.1.RELEASE.jar:2.1.1.RELEASE]
	at org.springframework.boot.SpringApplication.run(SpringApplication.java:1248) [spring-boot-2.1.1.RELEASE.jar:2.1.1.RELEASE]
	at cn.northpark.NpMqApplication.main(NpMqApplication.java:10) [classes/:na]
Caused by: org.springframework.amqp.AmqpIllegalStateException: Fatal exception on listener startup
	at org.springframework.amqp.rabbit.listener.SimpleMessageListenerContainer.doStart(SimpleMessageListenerContainer.java:531) ~[spring-rabbit-2.1.2.RELEASE.jar:2.1.2.RELEASE]
	at org.springframework.amqp.rabbit.listener.AbstractMessageListenerContainer.start(AbstractMessageListenerContainer.java:1264) ~[spring-rabbit-2.1.2.RELEASE.jar:2.1.2.RELEASE]
	at org.springframework.amqp.rabbit.listener.RabbitListenerEndpointRegistry.startIfNecessary(RabbitListenerEndpointRegistry.java:291) ~[spring-rabbit-2.1.2.RELEASE.jar:2.1.2.RELEASE]
	at org.springframework.amqp.rabbit.listener.RabbitListenerEndpointRegistry.start(RabbitListenerEndpointRegistry.java:246) ~[spring-rabbit-2.1.2.RELEASE.jar:2.1.2.RELEASE]
	at org.springframework.context.support.DefaultLifecycleProcessor.doStart(DefaultLifecycleProcessor.java:182) ~[spring-context-5.1.3.RELEASE.jar:5.1.3.RELEASE]
	... 14 common frames omitted
Caused by: org.springframework.amqp.rabbit.listener.QueuesNotAvailableException: Cannot prepare queue for listener. Either the queue doesn't exist or the broker will not allow us to use it.
	at org.springframework.amqp.rabbit.listener.BlockingQueueConsumer.start(BlockingQueueConsumer.java:617) ~[spring-rabbit-2.1.2.RELEASE.jar:2.1.2.RELEASE]
	at org.springframework.amqp.rabbit.listener.SimpleMessageListenerContainer$AsyncMessageProcessingConsumer.run(SimpleMessageListenerContainer.java:1027) ~[spring-rabbit-2.1.2.RELEASE.jar:2.1.2.RELEASE]
	at java.lang.Thread.run(Unknown Source) ~[na:1.8.0_162]
Caused by: org.springframework.amqp.rabbit.listener.BlockingQueueConsumer$DeclarationException: Failed to declare queue(s):[mail]
	at org.springframework.amqp.rabbit.listener.BlockingQueueConsumer.attemptPassiveDeclarations(BlockingQueueConsumer.java:696) ~[spring-rabbit-2.1.2.RELEASE.jar:2.1.2.RELEASE]
	at org.springframework.amqp.rabbit.listener.BlockingQueueConsumer.start(BlockingQueueConsumer.java:585) ~[spring-rabbit-2.1.2.RELEASE.jar:2.1.2.RELEASE]
	... 2 common frames omitted
Caused by: java.io.IOException: null
	at com.rabbitmq.client.impl.AMQChannel.wrap(AMQChannel.java:126) ~[amqp-client-5.4.3.jar:5.4.3]
	at com.rabbitmq.client.impl.AMQChannel.wrap(AMQChannel.java:122) ~[amqp-client-5.4.3.jar:5.4.3]
	at com.rabbitmq.client.impl.AMQChannel.exnWrappingRpc(AMQChannel.java:144) ~[amqp-client-5.4.3.jar:5.4.3]
	at com.rabbitmq.client.impl.ChannelN.queueDeclarePassive(ChannelN.java:1006) ~[amqp-client-5.4.3.jar:5.4.3]
	at com.rabbitmq.client.impl.ChannelN.queueDeclarePassive(ChannelN.java:52) ~[amqp-client-5.4.3.jar:5.4.3]
	at org.springframework.amqp.rabbit.connection.PublisherCallbackChannelImpl.queueDeclarePassive(PublisherCallbackChannelImpl.java:361) ~[spring-rabbit-2.1.2.RELEASE.jar:2.1.2.RELEASE]
	at sun.reflect.NativeMethodAccessorImpl.invoke0(Native Method) ~[na:1.8.0_162]
	at sun.reflect.NativeMethodAccessorImpl.invoke(Unknown Source) ~[na:1.8.0_162]
	at sun.reflect.DelegatingMethodAccessorImpl.invoke(Unknown Source) ~[na:1.8.0_162]
	at java.lang.reflect.Method.invoke(Unknown Source) ~[na:1.8.0_162]
	at org.springframework.amqp.rabbit.connection.CachingConnectionFactory$CachedChannelInvocationHandler.invoke(CachingConnectionFactory.java:1110) ~[spring-rabbit-2.1.2.RELEASE.jar:2.1.2.RELEASE]
	at com.sun.proxy.$Proxy80.queueDeclarePassive(Unknown Source) ~[na:na]
	at org.springframework.amqp.rabbit.listener.BlockingQueueConsumer.attemptPassiveDeclarations(BlockingQueueConsumer.java:675) ~[spring-rabbit-2.1.2.RELEASE.jar:2.1.2.RELEASE]
	... 3 common frames omitted
Caused by: com.rabbitmq.client.ShutdownSignalException: channel error; protocol method: #method<channel.close>(reply-code=404, reply-text=NOT_FOUND - no queue 'mail' in vhost '/', class-id=50, method-id=10)
	at com.rabbitmq.utility.ValueOrException.getValue(ValueOrException.java:66) ~[amqp-client-5.4.3.jar:5.4.3]
	at com.rabbitmq.utility.BlockingValueOrException.uninterruptibleGetValue(BlockingValueOrException.java:36) ~[amqp-client-5.4.3.jar:5.4.3]
	at com.rabbitmq.client.impl.AMQChannel$BlockingRpcContinuation.getReply(AMQChannel.java:494) ~[amqp-client-5.4.3.jar:5.4.3]
	at com.rabbitmq.client.impl.AMQChannel.privateRpc(AMQChannel.java:288) ~[amqp-client-5.4.3.jar:5.4.3]
	at com.rabbitmq.client.impl.AMQChannel.exnWrappingRpc(AMQChannel.java:138) ~[amqp-client-5.4.3.jar:5.4.3]
	... 13 common frames omitted
Caused by: com.rabbitmq.client.ShutdownSignalException: channel error; protocol method: #method<channel.close>(reply-code=404, reply-text=NOT_FOUND - no queue 'mail' in vhost '/', class-id=50, method-id=10)
	at com.rabbitmq.client.impl.ChannelN.asyncShutdown(ChannelN.java:516) ~[amqp-client-5.4.3.jar:5.4.3]
	at com.rabbitmq.client.impl.ChannelN.processAsync(ChannelN.java:346) ~[amqp-client-5.4.3.jar:5.4.3]
	at com.rabbitmq.client.impl.AMQChannel.handleCompleteInboundCommand(AMQChannel.java:178) ~[amqp-client-5.4.3.jar:5.4.3]
	at com.rabbitmq.client.impl.AMQChannel.handleFrame(AMQChannel.java:111) ~[amqp-client-5.4.3.jar:5.4.3]
	at com.rabbitmq.client.impl.AMQConnection.readFrame(AMQConnection.java:670) ~[amqp-client-5.4.3.jar:5.4.3]
	at com.rabbitmq.client.impl.AMQConnection.access$300(AMQConnection.java:48) ~[amqp-client-5.4.3.jar:5.4.3]
	at com.rabbitmq.client.impl.AMQConnection$MainLoop.run(AMQConnection.java:597) ~[amqp-client-5.4.3.jar:5.4.3]
	... 1 common frames omitted

2018-12-26 11:25:09.146  INFO 3744 --- [main] cn.northpark.NpMqApplication             : Starting NpMqApplication on tkamcw-zhangyang with PID 3744 (D:\workspace\np-mq\target\classes started by w_zhangyang in D:\workspace\np-mq)
2018-12-26 11:25:09.146  INFO 3744 --- [main] cn.northpark.NpMqApplication             : No active profile set, falling back to default profiles: default
2018-12-26 11:25:09.797  INFO 3744 --- [main] .s.d.r.c.RepositoryConfigurationDelegate : Bootstrapping Spring Data repositories in DEFAULT mode.
2018-12-26 11:25:09.829  INFO 3744 --- [main] .s.d.r.c.RepositoryConfigurationDelegate : Finished Spring Data repository scanning in 16ms. Found 0 repository interfaces.
2018-12-26 11:25:10.063  INFO 3744 --- [main] trationDelegate$BeanPostProcessorChecker : Bean 'org.springframework.amqp.rabbit.annotation.RabbitBootstrapConfiguration' of type [org.springframework.amqp.rabbit.annotation.RabbitBootstrapConfiguration$$EnhancerBySpringCGLIB$$4a7255e5] is not eligible for getting processed by all BeanPostProcessors (for example: not eligible for auto-proxying)
2018-12-26 11:25:10.126  INFO 3744 --- [main] trationDelegate$BeanPostProcessorChecker : Bean 'org.springframework.transaction.annotation.ProxyTransactionManagementConfiguration' of type [org.springframework.transaction.annotation.ProxyTransactionManagementConfiguration$$EnhancerBySpringCGLIB$$840697b7] is not eligible for getting processed by all BeanPostProcessors (for example: not eligible for auto-proxying)
2018-12-26 11:25:10.454  INFO 3744 --- [main] o.s.b.w.embedded.tomcat.TomcatWebServer  : Tomcat initialized with port(s): 4000 (http)
2018-12-26 11:25:10.470  INFO 3744 --- [main] o.apache.catalina.core.StandardService   : Starting service [Tomcat]
2018-12-26 11:25:10.470  INFO 3744 --- [main] org.apache.catalina.core.StandardEngine  : Starting Servlet Engine: Apache Tomcat/9.0.13
2018-12-26 11:25:10.486  INFO 3744 --- [main] o.a.catalina.core.AprLifecycleListener   : The APR based Apache Tomcat Native library which allows optimal performance in production environments was not found on the java.library.path: [C:\Program Files\Java\jre1.8.0_162\bin;C:\WINDOWS\Sun\Java\bin;C:\WINDOWS\system32;C:\WINDOWS;C:/Program Files/Java/jre1.8.0_162/bin/server;C:/Program Files/Java/jre1.8.0_162/bin;C:/Program Files/Java/jre1.8.0_162/lib/amd64;%SystemRoot%\system32\WBEM;C:\WINDOWS\system32\WBEM;C:\WINDOWS\system32\WBEM;C:\WINDOWS\system32\WBEM;C:\WINDOWS\system32\WBEM;C:\ProgramData\Oracle\Java\javapath;C:\WINDOWS\system32;C:\WINDOWS;C:\WINDOWS\System32\Wbem;C:\WINDOWS\System32\WindowsPowerShell\v1.0\;C:\Program Files\Java\jdk1.8.0_162_x64\bin;D:\maven-3.3.9\bin;C:\Program Files\TortoiseSVN\bin;C:\Program Files\Git\cmd;C:\Program Files\nodejs\;C:\Program Files (x86)\Common Files\Thunder Network\KanKan\Codecs;C:\Users\w_zhangyang\AppData\Roaming\npm;C:\Users\w_zhangyang\AppData\Local\Microsoft\WindowsApps;C:\adb;D:\gradle-4.7\bin;D:\效率\mactype-2017-628-portable;E:\qshell-v2.2.0;C:\Users\w_zhangyang\AppData\Local\Programs\EmEditor;C:\Users\w_zhangyang\AppData\Roaming\npm;C:\Users\w_zhangyang\AppData\Local\Microsoft\WindowsApps;;C:\Users\w_zhangyang\AppData\Local\Programs\EmEditor;E:\SpringTools\sts-bundle\sts-3.9.4.RELEASE;;.]
2018-12-26 11:25:10.642  INFO 3744 --- [main] o.a.c.c.C.[Tomcat].[localhost].[/]       : Initializing Spring embedded WebApplicationContext
2018-12-26 11:25:10.657  INFO 3744 --- [main] o.s.web.context.ContextLoader            : Root WebApplicationContext: initialization completed in 1464 ms
2018-12-26 11:25:10.736  INFO 3744 --- [main] c.a.d.s.b.a.DruidDataSourceAutoConfigure : Init DruidDataSource
2018-12-26 11:25:10.913  INFO 3744 --- [main] com.alibaba.druid.pool.DruidDataSource   : {dataSource-1} inited
2018-12-26 11:25:12.702  INFO 3744 --- [main] o.hibernate.jpa.internal.util.LogHelper  : HHH000204: Processing PersistenceUnitInfo [
	name: default
	...]
2018-12-26 11:25:12.755  INFO 3744 --- [main] org.hibernate.Version                    : HHH000412: Hibernate Core {5.3.7.Final}
2018-12-26 11:25:12.755  INFO 3744 --- [main] org.hibernate.cfg.Environment            : HHH000206: hibernate.properties not found
2018-12-26 11:25:12.891  INFO 3744 --- [main] o.hibernate.annotations.common.Version   : HCANN000001: Hibernate Commons Annotations {5.0.4.Final}
2018-12-26 11:25:13.016  INFO 3744 --- [main] org.hibernate.dialect.Dialect            : HHH000400: Using dialect: org.hibernate.dialect.MySQL5Dialect
2018-12-26 11:25:13.188  INFO 3744 --- [main] j.LocalContainerEntityManagerFactoryBean : Initialized JPA EntityManagerFactory for persistence unit 'default'
2018-12-26 11:25:13.453  INFO 3744 --- [main] o.s.s.concurrent.ThreadPoolTaskExecutor  : Initializing ExecutorService 'applicationTaskExecutor'
2018-12-26 11:25:13.485  WARN 3744 --- [main] aWebConfiguration$JpaWebMvcConfiguration : spring.jpa.open-in-view is enabled by default. Therefore, database queries may be performed during view rendering. Explicitly configure spring.jpa.open-in-view to disable this warning
2018-12-26 11:25:13.750  INFO 3744 --- [main] o.s.a.r.c.CachingConnectionFactory       : Attempting to connect to: [35.241.93.104:5672]
2018-12-26 11:25:14.392  INFO 3744 --- [main] o.s.a.r.c.CachingConnectionFactory       : Created new connection: rabbitConnectionFactory#57b9389f:0/SimpleConnection@e07b4db [delegate=amqp://liuhouer@35.241.93.104:5672/, localPort= 60583]
2018-12-26 11:25:16.283  INFO 3744 --- [SimpleAsyncTaskExecutor-1] c.n.handler.RabbitMqMailReceiver         : [mail] recieved message:(Body:'{email=654714226@qq.com}' MessageProperties [headers={}, contentType=application/x-java-serialized-object, contentLength=0, receivedDeliveryMode=PERSISTENT, priority=0, redelivered=false, receivedExchange=mailchange, receivedRoutingKey=mail.join, deliveryTag=1, consumerTag=amq.ctag-CI6RFJwd3wXGsjaspYloxA, consumerQueue=mail])
2018-12-26 11:25:16.286  INFO 3744 --- [SimpleAsyncTaskExecutor-1] c.n.handler.RabbitMqMailReceiver         : [mail] recieved message:(Body:'{email=654714226@qq.com}' MessageProperties [headers={}, contentType=application/x-java-serialized-object, contentLength=0, receivedDeliveryMode=PERSISTENT, priority=0, redelivered=false, receivedExchange=mailchange, receivedRoutingKey=mail.join, deliveryTag=2, consumerTag=amq.ctag-CI6RFJwd3wXGsjaspYloxA, consumerQueue=mail])
2018-12-26 11:25:16.286  INFO 3744 --- [SimpleAsyncTaskExecutor-1] c.n.handler.RabbitMqMailReceiver         : [mail] recieved message:(Body:'{email=654714226@qq.com}' MessageProperties [headers={}, contentType=application/x-java-serialized-object, contentLength=0, receivedDeliveryMode=PERSISTENT, priority=0, redelivered=false, receivedExchange=mailchange, receivedRoutingKey=mail.join, deliveryTag=3, consumerTag=amq.ctag-CI6RFJwd3wXGsjaspYloxA, consumerQueue=mail])
2018-12-26 11:25:16.301  INFO 3744 --- [main] o.s.b.w.embedded.tomcat.TomcatWebServer  : Tomcat started on port(s): 4000 (http) with context path ''
2018-12-26 11:25:16.301  INFO 3744 --- [main] cn.northpark.NpMqApplication             : Started NpMqApplication in 7.592 seconds (JVM running for 9.599)
2018-12-26 11:26:39.000  INFO 3744 --- [RMI TCP Connection(2)-127.0.0.1] inMXBeanRegistrar$SpringApplicationAdmin : Application shutdown requested.
2018-12-26 11:26:39.146  INFO 3744 --- [RMI TCP Connection(2)-127.0.0.1] o.s.a.r.l.SimpleMessageListenerContainer : Waiting for workers to finish.
2018-12-26 11:26:39.146  INFO 3744 --- [RMI TCP Connection(2)-127.0.0.1] o.s.a.r.l.SimpleMessageListenerContainer : Successfully waited for workers to finish.
2018-12-26 11:26:39.302  INFO 3744 --- [RMI TCP Connection(2)-127.0.0.1] o.s.a.r.l.SimpleMessageListenerContainer : Waiting for workers to finish.
2018-12-26 11:26:39.771  INFO 3744 --- [RMI TCP Connection(2)-127.0.0.1] o.s.a.r.l.SimpleMessageListenerContainer : Successfully waited for workers to finish.
2018-12-26 11:26:39.771  INFO 3744 --- [RMI TCP Connection(2)-127.0.0.1] o.s.a.r.l.SimpleMessageListenerContainer : Shutdown ignored - container is not active already
2018-12-26 11:26:39.771  INFO 3744 --- [RMI TCP Connection(2)-127.0.0.1] o.s.a.r.l.SimpleMessageListenerContainer : Shutdown ignored - container is not active already
2018-12-26 11:26:39.771  INFO 3744 --- [RMI TCP Connection(2)-127.0.0.1] o.s.s.concurrent.ThreadPoolTaskExecutor  : Shutting down ExecutorService 'applicationTaskExecutor'
2018-12-26 11:26:39.922  INFO 3744 --- [RMI TCP Connection(2)-127.0.0.1] j.LocalContainerEntityManagerFactoryBean : Closing JPA EntityManagerFactory for persistence unit 'default'
2018-12-26 11:26:39.937  INFO 3744 --- [RMI TCP Connection(2)-127.0.0.1] com.alibaba.druid.pool.DruidDataSource   : {dataSource-1} closed
